Ant 0 moved to (0.13917310096006547, -0.9902680687415704)
Ant 0 moved to (0.27834620192013093, -1.9805361374831407)
Ant 0 moved to (0.46915519729667604, -2.9621633209308045)
Ant 0 moved to (0.7110770928963435, -3.932459047206801)
Ant 0 moved to (0.9018860882728885, -4.914086230654465)
Ant 0 moved to (1.0926950836494336, -5.895713414102128)
Ant 0 moved to (1.2835040790259786, -6.877340597549792)
Ant 0 moved to (1.525425974625646, -7.847636323825789)
Ant 0 moved to (1.8177976793483828, -8.803941079788824)
Ant 0 moved to (2.1101693840711193, -9.76024583575186)
Ant 0 moved to (2.3520912796707867, -10.730541562027856)
Ant 0 moved to (2.6444629843935235, -11.686846317990891)
Ant 0 moved to (2.9864831277191923, -12.6265389387768)
Ant 0 moved to (3.278854832441929, -13.582843694739836)
Ant 0 moved to (3.5207767280415965, -14.553139421015832)
Ant 0 moved to (3.7115857234181417, -15.534766604463496)
Ant 0 moved to (3.8507588243782074, -16.525034673205067)
Ant 0 moved to (4.041567819754753, -17.50666185665273)
Ant 0 moved to (4.232376815131298, -18.488289040100394)
Ant 0 moved to (4.371549916091364, -19.478557108841965)
Ant 0 moved to (4.458705658839022, -20.47475180693371)
Ant 0 moved to (4.597878759799087, -21.46501987567528)
Ant 0 moved to (4.6850345025467455, -22.461214573767027)
Ant 0 moved to (4.719933999249247, -23.460605400786122)
Ant 0 moved to (4.807089741996905, -24.456800098877867)
Ant 0 moved to (4.946262842956971, -25.447068167619438)
Ant 0 moved to (5.033418585704629, -26.443262865711183)
Ant 0 moved to (5.172591686664695, -27.433530934452754)
Ant 0 moved to (5.31176478762476, -28.423799003194326)
Ant 0 moved to (5.5025737830013055, -29.40542618664199)
Ant 0 moved to (5.744495678600973, -30.375721912917985)
Ant 0 moved to (5.986417574200641, -31.34601763919398)
Ant 0 moved to (6.228339469800309, -32.31631336546998)
Ant 0 moved to (6.520711174523045, -33.27261812143301)
Ant 0 moved to (6.862731317848715, -34.21231074221892)
Ant 0 moved to (7.253462446337988, -35.13281559567136)
Ant 0 moved to (7.595482589663657, -36.072508216457265)
Ant 0 moved to (7.98621371815293, -36.99301306990971)
Ant 0 moved to (8.424584864942007, -37.891807116208874)
Ant 0 moved to (8.862956011731084, -38.79060116250804)
Ant 0 moved to (9.347765631977422, -39.665220869647435)
Ant 0 moved to (9.877684896210628, -40.51326896580386)
Ant 0 moved to (10.407604160443832, -41.361317061960285)
Ant 0 moved to (10.937523424677035, -42.20936515811671)
Ant 0 moved to (11.46744268891024, -43.057413254273136)
Ant 0 moved to (11.952252309156577, -43.93203296141253)
Ant 0 moved to (12.390623455945654, -44.8308270077117)
Ant 0 moved to (12.875433076191992, -45.70544671485109)
Ant 0 moved to (13.36024269643833, -46.58006642199049)
Ant 0 moved to (13.845052316684669, -47.45468612912988)
Ant 0 moved to (14.329861936931007, -48.32930583626928)
Ant 0 moved to (14.85978120116421, -49.1773539324257)
Ant 0 moved to (15.344590821410549, -50.0519736395651)
Ant 0 moved to (15.874510085643752, -50.90002173572152)
Ant 0 moved to (16.404429349876956, -51.74806983187795)
Ant 0 moved to (16.889238970123294, -52.622689539017344)
Ant 0 moved to (17.419158234356498, -53.47073763517377)
Ant 0 moved to (17.992734670707545, -54.28988967946276)
Ant 0 moved to (18.566311107058592, -55.10904172375175)
Ant 0 moved to (19.096230371291796, -55.95708981990818)
Ant 0 moved to (19.581039991538134, -56.83170952704757)
Ant 0 moved to (20.01941113832721, -57.73050357334674)
Ant 0 moved to (20.457782285116288, -58.629297619645904)
Ant 0 moved to (20.896153431905365, -59.52809166594507)
Ant 0 moved to (21.33452457869444, -60.426885712244236)
Ant 0 moved to (21.81933419894078, -61.30150541938363)
Ant 0 moved to (22.257705345729857, -62.2002994656828)
Ant 0 moved to (22.696076492518934, -63.09909351198196)
Ant 0 moved to (23.13444763930801, -63.99788755828113)
Ant 0 moved to (23.61925725955435, -64.87250726542052)
Ant 0 moved to (24.057628406343426, -65.7713013117197)
Ant 0 moved to (24.542438026589764, -66.6459210188591)
Ant 0 moved to (25.027247646836102, -67.5205407259985)
Ant 0 moved to (25.46561879362518, -68.41933477229767)
Ant 0 moved to (25.856349922114454, -69.33983962575012)
Ant 0 moved to (26.198370065440123, -70.27953224653602)
Ant 0 moved to (26.49074177016286, -71.23583700249905)
Ant 0 moved to (26.732663665762527, -72.20613272877505)
Ant 0 moved to (26.974585561362193, -73.17642845505104)
Ant 0 moved to (27.21650745696186, -74.14672418132703)
Ant 0 moved to (27.458429352561527, -75.11701990760302)
Ant 0 moved to (27.649238347938073, -76.0986470910507)
Ant 0 moved to (27.89116024353774, -77.06894281732669)
Ant 0 moved to (28.183531948260477, -78.02524757328972)
Ant 0 moved to (28.425453843860144, -78.99554329956571)
Ant 0 moved to (28.71782554858288, -79.95184805552874)
Ant 0 moved to (28.959747444182547, -80.92214378180473)
Ant 0 moved to (29.201669339782214, -81.89243950808073)
Ant 0 moved to (29.44359123538188, -82.86273523435672)
Ant 0 moved to (29.735962940104617, -83.81903999031975)
Ant 0 moved to (29.977884835704284, -84.78933571659574)
Ant 0 moved to (30.21980673130395, -85.75963144287174)
Ant 0 moved to (30.410615726680497, -86.74125862631941)
Ant 0 moved to (30.549788827640562, -87.73152669506098)
Ant 0 moved to (30.688961928600627, -88.72179476380255)
Ant 0 moved to (30.776117671348285, -89.71798946189429)
Ant 0 moved to (30.91529077230835, -90.70825753063586)
Ant 0 moved to (31.002446515056008, -91.7044522287276)
Ant 0 moved to (31.03734601175851, -92.7038430557467)
Ant 0 moved to (31.124501754506166, -93.70003775383844)
Ant 1 moved to (0.2588190451025203, -0.9659258262890684)
Ant 1 moved to (0.4667307359202797, -1.944073427022874)
Ant 1 moved to (0.7255497810228, -2.909999253311942)
Ant 1 moved to (0.9334614718405594, -3.888146854045748)
Ant 1 moved to (1.1922805169430797, -4.854072680334816)
Ant 1 moved to (1.4510995620456, -5.819998506623885)
Ant 1 moved to (1.7099186071481203, -6.785924332912954)
Ant 1 moved to (2.0189356015230677, -7.736980849208107)
Ant 1 moved to (2.277754646625588, -8.702906675497175)
Ant 1 moved to (2.586771641000535, -9.653963191792329)
Ant 1 moved to (2.8957886353754825, -10.605019708087482)
Ant 1 moved to (3.1546076804780028, -11.57094553437655)
Ant 1 moved to (3.3625193712957624, -12.549093135110356)
Ant 1 moved to (3.6213384163982827, -13.515018961399424)
Ant 1 moved to (3.93035541077323, -14.466075477694577)
Ant 1 moved to (4.288723360318531, -15.399655904191778)
Ant 1 moved to (4.597740354693478, -16.350712420486932)
Ant 1 moved to (4.956108304238779, -17.284292846984133)
Ant 1 moved to (5.362844947314579, -18.197838304626735)
Ant 1 moved to (5.769581590390379, -19.111383762269337)
Ant 1 moved to (6.127949539935679, -20.04496418876654)
Ant 1 moved to (6.48631748948098, -20.97854461526374)
Ant 1 moved to (6.795334483855927, -21.929601131558893)
Ant 1 moved to (7.153702433401228, -22.863181558056095)
Ant 1 moved to (7.512070382946528, -23.796761984553296)
Ant 1 moved to (7.821087377321476, -24.74781850084845)
Ant 1 moved to (8.079906422423996, -25.71374432713752)
Ant 1 moved to (8.338725467526515, -26.67967015342659)
Ant 1 moved to (8.647742461901462, -27.630726669721742)
Ant 1 moved to (8.906561507003982, -28.59665249601081)
Ant 1 moved to (9.215578501378928, -29.547709012305965)
Ant 1 moved to (9.524595495753875, -30.49876552860112)
Ant 1 moved to (9.783414540856395, -31.46469135489019)
Ant 1 moved to (10.092431535231341, -32.415747871185346)
Ant 1 moved to (10.401448529606288, -33.3668043874805)
Ant 1 moved to (10.759816479151588, -34.3003848139777)
Ant 1 moved to (11.068833473526535, -35.251441330272854)
Ant 1 moved to (11.377850467901482, -36.20249784656801)
Ant 1 moved to (11.736218417446782, -37.13607827306521)
Ant 1 moved to (12.142955060522581, -38.04962373070781)
Ant 1 moved to (12.596945560262128, -38.94063025489618)
Ant 1 moved to (13.003682203337927, -39.854175712538776)
Ant 1 moved to (13.362050152883228, -40.78775613903598)
Ant 1 moved to (13.671067147258174, -41.73881265533113)
Ant 1 moved to (14.029435096803475, -42.67239308182833)
Ant 1 moved to (14.338452091178421, -43.623449598123486)
Ant 1 moved to (14.647469085553368, -44.57450611441864)
Ant 1 moved to (15.005837035098669, -45.50808654091584)
Ant 1 moved to (15.314854029473615, -46.459143057210994)
Ant 1 moved to (15.573673074576135, -47.42506888350006)
Ant 1 moved to (15.781584765393895, -48.403216484233866)
Ant 1 moved to (16.040403810496414, -49.36914231052293)
Ant 1 moved to (16.299222855598934, -50.335068136812)
Ant 1 moved to (16.507134546416694, -51.313215737545804)
Ant 1 moved to (16.715046237234453, -52.29136333827961)
Ant 1 moved to (16.922957928052213, -53.269510939013415)
Ant 1 moved to (17.079392393092444, -54.25719927960855)
Ant 1 moved to (17.287304083910204, -55.235346880342355)
Ant 1 moved to (17.546123129012724, -56.20127270663142)
Ant 1 moved to (17.754034819830483, -57.17942030736523)
Ant 1 moved to (18.012853864933003, -58.14534613365429)
Ant 1 moved to (18.32187085930795, -59.09640264994945)
Ant 1 moved to (18.68023880885325, -60.02998307644665)
Ant 1 moved to (19.08697545192905, -60.943528534089246)
Ant 1 moved to (19.49371209500485, -61.857073991731845)
Ant 1 moved to (19.947702594744396, -62.748080515920215)
Ant 1 moved to (20.401693094483942, -63.639087040108585)
Ant 1 moved to (20.85568359422349, -64.53009356429695)
Ant 1 moved to (21.26242023729929, -65.44363902193955)
Ant 1 moved to (21.62078818684459, -66.37721944843675)
Ant 1 moved to (21.929805181219535, -67.3282759647319)
Ant 1 moved to (22.238822175594482, -68.27933248102705)
Ant 1 moved to (22.54783916996943, -69.23038899732221)
Ant 1 moved to (22.80665821507195, -70.19631482361127)
Ant 1 moved to (23.014569905889708, -71.17446242434508)
Ant 1 moved to (23.222481596707468, -72.15261002507889)
Ant 1 moved to (23.481300641809987, -73.11853585136795)
Ant 1 moved to (23.689212332627747, -74.09668345210176)
Ant 1 moved to (23.897124023445507, -75.07483105283556)
Ant 1 moved to (24.105035714263266, -76.05297865356937)
Ant 1 moved to (24.312947405081026, -77.03112625430317)
Ant 1 moved to (24.520859095898786, -78.00927385503698)
Ant 1 moved to (24.779678141001305, -78.97519968132605)
Ant 1 moved to (25.038497186103825, -79.94112550761511)
Ant 1 moved to (25.246408876921585, -80.91927310834892)
Ant 1 moved to (25.505227922024105, -81.88519893463798)
Ant 1 moved to (25.713139612841864, -82.86334653537179)
Ant 1 moved to (25.921051303659624, -83.8414941361056)
Ant 1 moved to (26.179870348762144, -84.80741996239466)
Ant 1 moved to (26.438689393864664, -85.77334578868373)
Ant 1 moved to (26.74770638823961, -86.72440230497888)
Ant 1 moved to (27.10607433778491, -87.65798273147608)
Ant 1 moved to (27.51281098086071, -88.57152818911868)
Ant 1 moved to (27.87117893040601, -89.50510861561588)
Ant 1 moved to (28.180195924780957, -90.45616513191104)
Ant 1 moved to (28.538563874326258, -91.38974555840824)
Ant 1 moved to (28.945300517402057, -92.30329101605084)
Ant 1 moved to (29.303668466947357, -93.23687144254804)
Ant 1 moved to (29.662036416492658, -94.17045186904524)
Ant 1 moved to (29.971053410867604, -95.12150838534039)
Ant 2 moved to (0.7880107536067219, 0.6156614753256583)
Ant 2 moved to (1.6071627978957137, 1.1892379116767042)
Ant 2 moved to (2.3951735515024355, 1.8048993870023624)
Ant 2 moved to (3.1498831317252076, 2.4609584159928697)
Ant 2 moved to (3.8692229320638587, 3.155616786451867)
Ant 2 moved to (4.551221292126357, 3.8869704880710376)
Ant 2 moved to (5.233219652188855, 4.618324189690208)
Ant 2 moved to (5.915218012251353, 5.349677891309378)
Ant 2 moved to (6.634557812590004, 6.044336261768375)
Ant 2 moved to (7.316556172652502, 6.775689963387546)
Ant 2 moved to (7.9985545327150005, 7.507043665006716)
Ant 2 moved to (8.717894333053652, 8.201702035465713)
Ant 2 moved to (9.437234133392304, 8.89636040592471)
Ant 2 moved to (10.191943713615075, 9.552419434915217)
Ant 2 moved to (10.946653293837846, 10.208478463905724)
Ant 2 moved to (11.734664047444568, 10.824139939231383)
Ant 2 moved to (12.489373627667339, 11.48019896822189)
Ant 2 moved to (13.208713428005991, 12.174857338680887)
Ant 2 moved to (13.928053228344643, 12.869515709139884)
Ant 2 moved to (14.610051588407142, 13.600869410759055)
Ant 2 moved to (15.292049948469641, 14.332223112378225)
Ant 2 moved to (16.01138974880829, 15.026881482837222)
Ant 2 moved to (16.766099329031064, 15.682940511827729)
Ant 2 moved to (17.554110082637788, 16.298601987153386)
Ant 2 moved to (18.30881966286056, 16.954661016143895)
Ant 2 moved to (19.028159463199213, 17.64931938660289)
Ant 2 moved to (19.747499263537865, 18.343977757061886)
Ant 2 moved to (20.429497623600362, 19.075331458681056)
Ant 2 moved to (21.11149598366286, 19.806685160300226)
Ant 2 moved to (21.793494343725357, 20.538038861919397)
Ant 2 moved to (22.475492703787854, 21.269392563538567)
Ant 2 moved to (23.15749106385035, 22.000746265157737)
Ant 2 moved to (23.80027867353689, 22.766790708276716)
Ant 2 moved to (24.40209369668894, 23.56542621832401)
Ant 2 moved to (24.96128660015969, 24.39446379087905)
Ant 2 moved to (25.520479503630437, 25.223501363434092)
Ant 2 moved to (26.035517578540492, 26.080668664136205)
Ant 2 moved to (26.550555653450548, 26.937835964838317)
Ant 2 moved to (27.065593728360604, 27.79500326554043)
Ant 2 moved to (27.535065291146495, 28.677950858399356)
Ant 2 moved to (28.004536853932386, 29.560898451258282)
Ant 2 moved to (28.51957492884244, 30.418065751960395)
Ant 2 moved to (29.034613003752497, 31.275233052662507)
Ant 2 moved to (29.50408456653839, 32.15818064552143)
Ant 2 moved to (30.019122641448444, 33.01534794622354)
Ant 2 moved to (30.578315544919192, 33.84438551877859)
Ant 2 moved to (31.18013056807124, 34.64302102882588)
Ant 2 moved to (31.73932347154199, 35.47205860138092)
Ant 2 moved to (32.254361546452046, 36.32922590208303)
Ant 2 moved to (32.7693996213621, 37.18639320278514)
Ant 2 moved to (33.32859252483284, 38.015430775340185)
Ant 2 moved to (33.843630599742895, 38.872598076042294)
Ant 2 moved to (34.40282350321364, 39.70163564859734)
Ant 2 moved to (35.00463852636569, 40.50027115864463)
Ant 2 moved to (35.647426136052225, 41.26631560176361)
Ant 2 moved to (36.249241159204274, 42.0649511118109)
Ant 2 moved to (36.851056182356324, 42.86358662185819)
Ant 2 moved to (37.45287120550837, 43.66222213190548)
Ant 2 moved to (38.05468622866042, 44.46085764195277)
Ant 2 moved to (38.61387913213117, 45.289895214507816)
Ant 2 moved to (39.12891720704122, 46.147062515209925)
Ant 2 moved to (39.688110110511964, 46.97610008776497)
Ant 2 moved to (40.28992513366401, 47.77473559781226)
Ant 2 moved to (40.93271274335055, 48.54078004093124)
Ant 2 moved to (41.5345277665026, 49.33941555097853)
Ant 2 moved to (42.093720669973344, 50.168453123533574)
Ant 2 moved to (42.69553569312539, 50.967088633580865)
Ant 2 moved to (43.33832330281193, 51.73313307669984)
Ant 2 moved to (43.94013832596398, 52.531768586747134)
Ant 2 moved to (44.582925935650515, 53.29781302986611)
Ant 2 moved to (45.22571354533705, 54.06385747298509)
Ant 2 moved to (45.8275285684891, 54.86249298303238)
Ant 2 moved to (46.42934359164115, 55.66112849307967)
Ant 2 moved to (46.988536495111894, 56.49016606563472)
Ant 2 moved to (47.590351518263944, 57.28880157568201)
Ant 2 moved to (48.19216654141599, 58.0874370857293)
Ant 2 moved to (48.79398156456804, 58.88607259577659)
Ant 2 moved to (49.39579658772009, 59.68470810582388)
Ant 2 moved to (49.99761161087214, 60.48334361587117)
Ant 2 moved to (50.59942663402419, 61.28197912591846)
Ant 2 moved to (51.20124165717624, 62.08061463596575)
Ant 2 moved to (51.844029266862776, 62.84665907908473)
Ant 2 moved to (52.52602762692528, 63.5780127807039)
Ant 2 moved to (53.16881523661181, 64.34405722382287)
Ant 2 moved to (53.850813596674314, 65.07541092544204)
Ant 2 moved to (54.532811956736815, 65.80676462706121)
Ant 2 moved to (55.17559956642335, 66.57280907018018)
Ant 2 moved to (55.81838717610989, 67.33885351329916)
Ant 2 moved to (56.42020219926194, 68.13748902334645)
Ant 2 moved to (57.06298980894847, 68.90353346646542)
Ant 2 moved to (57.66480483210052, 69.70216897651271)
Ant 2 moved to (58.26661985525257, 70.50080448656)
Ant 2 moved to (58.825812758723316, 71.32984205911504)
Ant 2 moved to (59.38500566219406, 72.15887963167008)
Ant 2 moved to (59.944198565664806, 72.98791720422511)
Ant 2 moved to (60.546013588816855, 73.7865527142724)
Ant 2 moved to (61.18880119850339, 74.55259715739138)
Ant 2 moved to (61.83158880818993, 75.31864160051035)
Ant 2 moved to (62.474376417876464, 76.08468604362932)
Ant 2 is lost
Ant 3 moved to (0.08715574274765814, 0.9961946980917455)
Ant 3 moved to (0.12205523945015923, 1.9955855251108412)
Ant 3 moved to (0.20921098219781736, 2.9917802232025865)
Ant 3 moved to (0.24411047890031845, 3.9911710502216824)
Ant 3 moved to (0.3312662216479766, 4.987365748313428)
Ant 3 moved to (0.47043932260804205, 5.977633817054998)
Ant 3 moved to (0.6096124235681075, 6.967901885796568)
Ant 3 moved to (0.8004214189446525, 7.949529069244232)
Ant 3 moved to (1.0423433145443202, 8.919824795520228)
Ant 3 moved to (1.2842652101439878, 9.890120521796224)
Ant 3 moved to (1.4750742055205326, 10.871747705243887)
Ant 3 moved to (1.7169961011202002, 11.842043431519883)
Ant 3 moved to (2.009367805842937, 12.798348187482919)
Ant 3 moved to (2.2512897014426048, 13.768643913758915)
Ant 3 moved to (2.4420986968191496, 14.750271097206578)
Ant 3 moved to (2.6329076921956944, 15.731898280654242)
Ant 3 moved to (2.8237166875722393, 16.713525464101906)
Ant 3 moved to (2.962889788532305, 17.703793532843477)
Ant 3 moved to (3.1020628894923705, 18.694061601585048)
Ant 3 moved to (3.241235990452436, 19.68432967032662)
Ant 3 moved to (3.432044985828981, 20.665956853774283)
Ant 3 moved to (3.673966881428649, 21.63625258005028)
Ant 3 moved to (3.9663385861513856, 22.592557336013314)
Ant 3 moved to (4.308358729477054, 23.532249956799223)
Ant 3 moved to (4.650378872802722, 24.471942577585132)
Ant 3 moved to (5.0411100012919965, 25.39244743103757)
Ant 3 moved to (5.479481148081074, 26.291241477336737)
Ant 3 moved to (5.870212276570348, 27.211746330789175)
Ant 3 moved to (6.212232419896017, 28.151438951575084)
Ant 3 moved to (6.554252563221685, 29.091131572360993)
Ant 3 moved to (6.944983691710959, 30.011636425813432)
Ant 3 moved to (7.383354838500037, 30.910430472112598)
Ant 3 moved to (7.821725985289115, 31.809224518411764)
Ant 3 moved to (8.212457113778388, 32.7297293718642)
Ant 3 moved to (8.650828260567465, 33.62852341816337)
Ant 3 moved to (9.041559389056738, 34.54902827161581)
Ant 3 moved to (9.432290517546011, 35.46953312506825)
Ant 3 moved to (9.870661664335088, 36.36832717136742)
Ant 3 moved to (10.309032811124165, 37.267121217666585)
Ant 3 moved to (10.699763939613439, 38.18762607111903)
Ant 3 moved to (11.041784082939108, 39.12731869190493)
Ant 3 moved to (11.383804226264777, 40.06701131269084)
Ant 3 moved to (11.725824369590446, 41.00670393347674)
Ant 3 moved to (12.067844512916116, 41.94639655426265)
Ant 3 moved to (12.458575641405389, 42.86690140771509)
Ant 3 moved to (12.849306769894662, 43.78740626116753)
Ant 3 moved to (13.240037898383935, 44.707911114619975)
Ant 3 moved to (13.678409045173012, 45.60670516091914)
Ant 3 moved to (14.163218665419349, 46.481324868058536)
Ant 3 moved to (14.648028285665685, 47.35594457519793)
Ant 3 moved to (15.132837905912021, 48.230564282337326)
Ant 3 moved to (15.617647526158358, 49.10518398947672)
Ant 3 moved to (16.102457146404696, 49.979803696616116)
Ant 3 moved to (16.6323764106379, 50.82785179277254)
Ant 3 moved to (17.117186030884238, 51.70247149991194)
Ant 3 moved to (17.601995651130576, 52.57709120705133)
Ant 3 moved to (18.040366797919653, 53.4758852533505)
Ant 3 moved to (18.47873794470873, 54.374679299649664)
Ant 3 moved to (18.917109091497807, 55.27347334594883)
Ant 3 moved to (19.401918711744145, 56.148093053088225)
Ant 3 moved to (19.84028985853322, 57.04688709938739)
Ant 3 moved to (20.231020987022497, 57.96739195283983)
Ant 3 moved to (20.669392133811574, 58.866185999139)
Ant 3 moved to (21.15420175405791, 59.740805706278394)
Ant 3 moved to (21.684121018291115, 60.58885380243482)
Ant 3 moved to (22.257697454642162, 61.40800584672381)
Ant 3 moved to (22.87335892996782, 62.19601660033053)
Ant 3 moved to (23.52941795895833, 62.9507261805533)
Ant 3 moved to (24.14507943428399, 63.73873693416002)
Ant 3 moved to (24.76074090960965, 64.52674768776674)
Ant 3 moved to (25.376402384935307, 65.31475844137347)
Ant 3 moved to (26.032461413925816, 66.06946802159624)
Ant 3 moved to (26.688520442916325, 66.824177601819)
Ant 3 moved to (27.304181918241984, 67.61218835542573)
Ant 3 moved to (27.960240947232492, 68.3668979356485)
Ant 3 moved to (28.57590242255815, 69.15490868925522)
Ant 3 moved to (29.23196145154866, 69.90961826947799)
Ant 3 moved to (29.84762292687432, 70.69762902308472)
Ant 3 moved to (30.503681955864828, 71.45233860330748)
Ant 3 moved to (31.119343431190487, 72.24034935691421)
Ant 3 moved to (31.692919867541534, 73.0595014012032)
Ant 3 moved to (32.26649630389258, 73.8786534454922)
Ant 3 moved to (32.84007274024363, 74.6978054897812)
Ant 3 moved to (33.413649176594674, 75.5169575340702)
Ant 3 moved to (33.94356844082788, 76.36500563022663)
Ant 3 moved to (34.47348770506109, 77.21305372638307)
Ant 3 moved to (35.003406969294296, 78.0611018225395)
Ant 3 moved to (35.533326233527504, 78.90914991869593)
Ant 3 moved to (36.10690266987855, 79.72830196298493)
Ant 3 moved to (36.63682193411176, 80.57635005914136)
Ant 3 moved to (37.210398370462805, 81.39550210343036)
Ant 3 moved to (37.826059845788464, 82.18351285703709)
Ant 3 moved to (38.48211887477897, 82.93822243725985)
Ant 3 moved to (39.176777245237965, 83.6575622375985)
Ant 3 moved to (39.908130946857135, 84.33956059766099)
Ant 3 moved to (40.60278931731613, 85.05890039799964)
Ant 3 moved to (41.258848346306635, 85.8136099782224)
Ant 3 is lost
Ant 4 moved to (0.981627183447664, -0.19080899537654467)
Ant 4 moved to (1.9519229097236606, -0.43273089097621253)
Ant 4 moved to (2.908227665686696, -0.7251025956989496)
Ant 4 moved to (3.8785233919626925, -0.9670244912986175)
Ant 4 moved to (4.834828147925728, -1.2593961960213547)
Ant 4 moved to (5.805123874201724, -1.5013180916210225)
Ant 4 moved to (6.775419600477721, -1.7432399872206903)
Ant 4 moved to (7.731724356440757, -2.0356116919434273)
Ant 4 moved to (8.688029112403791, -2.3279833966661645)
Ant 4 moved to (9.658324838679787, -2.5699052922658323)
Ant 4 moved to (10.628620564955783, -2.8118271878655)
Ant 4 moved to (11.584925320918819, -3.1041988925882373)
Ant 4 moved to (12.555221047194815, -3.346120788187905)
Ant 4 moved to (13.52551677347081, -3.588042683787573)
Ant 4 moved to (14.481821529433846, -3.88041438851031)
Ant 4 moved to (15.452117255709842, -4.122336284109978)
Ant 4 moved to (16.408422011672876, -4.414707988832715)
Ant 4 moved to (17.36472676763591, -4.707079693555452)
Ant 4 moved to (18.335022493911907, -4.94900158915512)
Ant 4 moved to (19.31664967735957, -5.139810584531665)
Ant 4 moved to (20.306917746101142, -5.27898368549173)
Ant 4 moved to (21.303112444192887, -5.366139428239388)
Ant 4 moved to (22.302503271211982, -5.401038924941889)
Ant 4 moved to (23.298697969303728, -5.488194667689547)
Ant 4 moved to (24.2889660380453, -5.627367768649613)
Ant 4 moved to (25.27923410678687, -5.7665408696096785)
Ant 4 moved to (26.26950217552844, -5.905713970569744)
Ant 4 moved to (27.265696873620186, -5.992869713317402)
Ant 4 moved to (28.26189157171193, -6.08002545606506)
Ant 4 moved to (29.252159640453502, -6.219198557025126)
Ant 4 moved to (30.233786823901166, -6.41000755240167)
Ant 4 moved to (31.21541400734883, -6.600816547778215)
Ant 4 moved to (32.1970411907965, -6.791625543154759)
Ant 4 moved to (33.1673369170725, -7.033547438754427)
Ant 4 moved to (34.137632643348496, -7.275469334354095)
Ant 4 moved to (35.11925982679616, -7.466278329730639)
Ant 4 moved to (36.08955555307216, -7.708200225330307)
Ant 4 moved to (37.05985127934816, -7.950122120929975)
Ant 4 moved to (38.01615603531119, -8.242493825652712)
Ant 4 moved to (38.97246079127422, -8.534865530375448)
Ant 4 moved to (39.94275651755022, -8.776787425975117)
Ant 4 moved to (40.899061273513254, -9.069159130697853)
Ant 4 moved to (41.869356999789254, -9.311081026297522)
Ant 4 moved to (42.825661755752286, -9.603452731020258)
Ant 4 moved to (43.76535437653819, -9.945472874345928)
Ant 4 moved to (44.7050469973241, -10.287493017671597)
Ant 4 moved to (45.66135175328713, -10.579864722394333)
Ant 4 moved to (46.601044374073034, -10.921884865720003)
Ant 4 moved to (47.54073699485894, -11.263905009045672)
Ant 4 moved to (48.49704175082197, -11.556276713768408)
Ant 4 moved to (49.46733747709797, -11.798198609368077)
Ant 4 moved to (50.448964660545634, -11.989007604744621)
Ant 4 moved to (51.439232729287205, -12.128180705704688)
Ant 4 moved to (52.435427427378954, -12.215336448452346)
Ant 4 moved to (53.425695496120525, -12.354509549412413)
Ant 4 moved to (54.415963564862096, -12.49368265037248)
Ant 4 moved to (55.40623163360367, -12.632855751332546)
Ant 4 moved to (56.39649970234524, -12.772028852292612)
Ant 4 moved to (57.38676777108681, -12.911201953252679)
Ant 4 moved to (58.38296246917856, -12.998357696000337)
Ant 4 moved to (59.37323053792013, -13.137530796960403)
Ant 4 moved to (60.3634986066617, -13.27670389792047)
Ant 4 moved to (61.345125790109364, -13.467512893297014)
Ant 4 moved to (62.31542151638536, -13.709434788896683)
Ant 4 moved to (63.271726272348396, -14.00180649361942)
Ant 4 moved to (64.22803102831143, -14.294178198342156)
Ant 4 moved to (65.19832675458743, -14.536100093941824)
Ant 4 moved to (66.1799539380351, -14.726909089318369)
Ant 4 moved to (67.16158112148277, -14.917718084694913)
Ant 4 moved to (68.15184919022434, -15.05689118565498)
Ant 4 moved to (69.13347637367201, -15.247700181031524)
Ant 4 moved to (70.11510355711968, -15.438509176408068)
Ant 4 moved to (71.08539928339567, -15.680431072007737)
Ant 4 moved to (72.06702646684334, -15.871240067384282)
Ant 4 moved to (73.05729453558492, -16.010413168344346)
Ant 4 moved to (74.05348923367666, -16.097568911092004)
Ant 4 moved to (75.0496839317684, -16.184724653839663)
Ant 4 moved to (76.03995200050997, -16.323897754799727)
Ant 4 moved to (77.03614669860171, -16.411053497547385)
Ant 4 moved to (78.03553752562081, -16.445952994249886)
Ant 4 moved to (79.03492835263991, -16.480852490952387)
Ant 4 moved to (80.03431917965901, -16.515751987654888)
Ant 4 moved to (81.0337100066781, -16.550651484357388)
Ant 4 moved to (82.0331008336972, -16.58555098105989)
Ant 4 moved to (83.02929553178895, -16.672706723807547)
Ant 4 moved to (84.01956360053052, -16.811879824767612)
Ant 4 moved to (85.01575829862226, -16.89903556751527)
Ant 4 moved to (86.01514912564136, -16.93393506421777)
Ant 4 moved to (87.0113438237331, -17.02109080696543)
Ant 4 moved to (88.0107346507522, -17.05599030366793)
Ant 4 moved to (89.00692934884394, -17.143146046415588)
Ant 4 moved to (90.00632017586304, -17.17804554311809)
Ant 4 moved to (91.00571100288214, -17.21294503982059)
Ant 4 moved to (92.00190570097388, -17.300100782568247)
Ant 4 moved to (92.99217376971545, -17.439273883528312)
Ant 4 moved to (93.98244183845702, -17.578446984488377)
Ant 4 moved to (94.97270990719859, -17.71762008544844)
Ant 4 moved to (95.96297797594016, -17.856793186408506)
Ant 4 moved to (96.9591726740319, -17.943948929156164)
Ant 4 moved to (97.958563501051, -17.978848425858665)
Ant 5 moved to (0.7071067811865474, -0.7071067811865477)
Ant 5 moved to (1.4502516066639415, -1.3762373875454057)
Ant 5 moved to (2.227397568120912, -2.0055577785952434)
Ant 5 moved to (3.0045435295778824, -2.634878169645081)
Ant 5 moved to (3.747688355055277, -3.3040087760039394)
Ant 5 moved to (4.454795136241824, -4.011115557190487)
Ant 5 moved to (5.123925742600681, -4.754260382667882)
Ant 5 moved to (5.793056348959539, -5.497405208145277)
Ant 5 picked up ice at (5.793056348959539, -5.497405208145277)
Ant 6 moved to (-0.7313537016191706, -0.6819983600624984)
Ant 6 moved to (-1.4973981447381486, -1.3247859697490376)
Ant 6 moved to (-2.2287518463573193, -2.006784329811536)
Ant 6 moved to (-2.9234102168163165, -2.726124130150187)
Ant 6 moved to (-3.579469245806824, -3.480833710372959)
Ant 6 moved to (-4.274127616265821, -4.20017351071161)
Ant 6 moved to (-4.968785986724818, -4.919513311050261)
Ant 6 moved to (-5.663444357183815, -5.638853111388912)
Ant 6 moved to (-6.358102727642812, -6.3581929117275635)
Ant 6 moved to (-7.014161756633319, -7.112902491950336)
Ant 6 moved to (-7.7088201270923165, -7.832242292288987)
Ant 6 moved to (-8.403478497551314, -8.551582092627639)
Ant 6 moved to (-9.134832199170484, -9.233580452690138)
Ant 6 moved to (-9.900876642289463, -9.876368062376677)
Ant 6 moved to (-10.666921085408442, -10.519155672063217)
Ant 6 moved to (-11.465556595455734, -11.120970695215265)
Ant 6 moved to (-12.264192105503026, -11.722785718367312)
Ant 6 moved to (-13.093229678058067, -12.281978621838059)
Ant 6 moved to (-13.922267250613109, -12.841171525308805)
Ant 6 moved to (-14.75130482316815, -13.400364428779552)
Ant 6 moved to (-15.549940333215442, -14.0021794519316)
Ant 6 moved to (-16.348575843262736, -14.603994475083647)
Ant 6 moved to (-17.177613415817778, -15.163187378554394)
Ant 6 moved to (-18.03478071651989, -15.678225453464448)
Ant 6 moved to (-18.86381828907493, -16.237418356935194)
Ant 6 moved to (-19.662453799122225, -16.839233380087244)
Ant 6 moved to (-20.428498242241204, -17.482020989773783)
Ant 6 moved to (-21.159851943860374, -18.16401934983628)
Ant 6 moved to (-21.85451031431937, -18.883359150174932)
Ant 6 moved to (-22.51056934330988, -19.638068730397706)
Ant 6 moved to (-23.126230818635538, -20.42607948400443)
Ant 6 moved to (-23.741892293961197, -21.214090237611153)
Ant 6 moved to (-24.315468730312244, -22.033242281900144)
Ant 6 moved to (-24.931130205637903, -22.821253035506867)
Ant 6 moved to (-25.58718923462841, -23.57596261572964)
Ant 6 moved to (-26.281847605087407, -24.295302416068292)
Ant 6 moved to (-27.013201306706577, -24.97730077613079)
Ant 6 moved to (-27.707859677165573, -25.69664057646944)
Ant 6 moved to (-28.439213378784743, -26.37863893653194)
Ant 6 moved to (-29.170567080403913, -27.060637296594436)
Ant 6 moved to (-29.936611523522892, -27.703424906280976)
Ant 6 moved to (-30.70265596664187, -28.346212515967515)
Ant 6 moved to (-31.43400966826104, -29.028210876030013)
Ant 6 moved to (-32.16536336988021, -29.71020923609251)
Ant 6 moved to (-32.93140781299919, -30.35299684577905)
Ant 6 moved to (-33.66276151461836, -31.034995205841547)
Ant 6 moved to (-34.39411521623753, -31.716993565904044)
Ant 6 moved to (-35.088773586696526, -32.43633336624269)
Ant 6 moved to (-35.78343195715552, -33.155673166581344)
Ant 6 moved to (-36.439490986146026, -33.91038274680412)
Ant 6 moved to (-37.09555001513653, -34.66509232702689)
Ant 6 moved to (-37.751609044127036, -35.41980190724966)
Ant 6 moved to (-38.40766807311754, -36.17451148747244)
Ant 6 moved to (-39.06372710210805, -36.92922106769521)
Ant 6 moved to (-39.75838547256704, -37.64856086803386)
Ant 6 moved to (-40.41444450155755, -38.403270448256634)
Ant 6 moved to (-41.10910287201654, -39.12261024859529)
Ant 6 moved to (-41.80376124247554, -39.84195004893394)
Ant 6 moved to (-42.53511494409471, -40.52394840899644)
Ant 6 moved to (-43.30115938721369, -41.166736018682975)
Ant 6 moved to (-44.03251308883286, -41.848734378745476)
Ant 6 moved to (-44.76386679045203, -42.53073273880798)
Ant 6 moved to (-45.529911233571006, -43.17352034849451)
Ant 6 moved to (-46.26126493519018, -43.855518708557014)
Ant 6 moved to (-46.95592330564917, -44.574858508895666)
Ant 6 moved to (-47.68727700726834, -45.25685686895817)
Ant 6 moved to (-48.38193537772734, -45.97619666929682)
Ant 6 moved to (-49.03799440671784, -46.73090624951959)
Ant 6 moved to (-49.73265277717684, -47.450246049858244)
Ant 6 moved to (-50.46400647879601, -48.132244409920744)
Ant 6 moved to (-51.158664849255004, -48.8515842102594)
Ant 6 moved to (-51.853323219714, -49.57092401059805)
Ant 6 moved to (-52.58467692133317, -50.25292237066055)
Ant 6 moved to (-53.31603062295234, -50.93492073072305)
Ant 6 moved to (-54.08207506607132, -51.577708340409586)
Ant 6 moved to (-54.88071057611861, -52.179523363561636)
Ant 6 moved to (-55.709748148673654, -52.73871626703238)
Ant 6 moved to (-56.508383658720945, -53.34053129018443)
Ant 6 moved to (-57.307019168768235, -53.94234631333648)
Ant 6 moved to (-58.105654678815526, -54.54416133648853)
Ant 6 moved to (-58.90429018886282, -55.14597635964058)
Ant 6 moved to (-59.70292569891011, -55.74779138279263)
Ant 6 moved to (-60.468970142029086, -56.39057899247916)
Ant 6 moved to (-61.200323843648256, -57.072577352541664)
Ant 6 moved to (-61.966368286767235, -57.7153649622282)
Ant 6 moved to (-62.732412729886214, -58.35815257191474)
Ant 6 moved to (-63.463766431505384, -59.04015093197724)
Ant 6 moved to (-64.15842480196439, -59.75949073231589)
Ant 6 moved to (-64.8144838309549, -60.51420031253866)
Ant 6 moved to (-65.5091422014139, -61.233540112877314)
Ant 6 moved to (-66.20380057187289, -61.952879913215966)
Ant 6 moved to (-66.8598596008634, -62.70758949343874)
Ant 6 moved to (-67.47552107618905, -63.49560024704546)
Ant 6 moved to (-68.0490975125401, -64.31475229133446)
Ant 6 moved to (-68.62267394889115, -65.13390433562346)
Ant 6 moved to (-69.15259321312435, -65.98195243177989)
Ant 6 moved to (-69.68251247735755, -66.83000052793632)
Ant 6 moved to (-70.2560889137086, -67.64915257222532)
Ant 6 moved to (-70.7860081779418, -68.49720066838175)
Ant 6 moved to (-71.35958461429284, -69.31635271267075)
Ant 6 is lost
Ant 7 moved to (-0.7193398003386513, 0.6946583704589971)
Ant 7 moved to (-1.4013381604011497, 1.4260120720781677)
Ant 7 moved to (-2.044125770087689, 2.192056515197146)
Ant 7 moved to (-2.726124130150187, 2.9234102168163165)
Ant 7 moved to (-3.445463930488838, 3.6180685872753138)
Ant 7 moved to (-4.20017351071161, 4.274127616265821)
Ant 7 moved to (-4.954883090934382, 4.930186645256327)
Ant 7 moved to (-5.742893844541104, 5.545848120581986)
Ant 7 moved to (-6.530904598147826, 6.161509595907644)
Ant 7 moved to (-7.285614178370598, 6.817568624898151)
Ant 7 moved to (-8.00495397870925, 7.512226995357148)
Ant 7 moved to (-8.75966355893202, 8.168286024347655)
Ant 7 moved to (-9.547674312538742, 8.783947499673314)
Ant 7 moved to (-10.366826356827733, 9.357523936024359)
Ant 7 moved to (-11.185978401116724, 9.931100372375404)
Ant 7 moved to (-11.973989154723446, 10.546761847701063)
Ant 7 moved to (-12.728698734946217, 11.20282087669157)
Ant 7 moved to (-13.44803853528487, 11.897479247150567)
Ant 7 moved to (-14.130036895347368, 12.628832948769737)
Ant 7 moved to (-14.84937669568602, 13.323491319228735)
Ant 7 moved to (-15.568716496024672, 14.018149689687732)
Ant 7 moved to (-16.323426076247443, 14.674208718678239)
Ant 7 moved to (-17.111436829854167, 15.289870194003898)
Ant 7 moved to (-17.89944758346089, 15.905531669329557)
Ant 7 moved to (-18.654157163683664, 16.561590698320064)
Ant 7 moved to (-19.442167917290387, 17.177252173645723)
Ant 7 moved to (-20.23017867089711, 17.792913648971382)
Ant 7 moved to (-21.0493307151861, 18.36649008532243)
Ant 7 moved to (-21.868482759475093, 18.940066521673476)
Ant 7 moved to (-22.687634803764084, 19.513642958024523)
Ant 7 moved to (-23.53568289992051, 20.043562222257727)
Ant 7 moved to (-24.383730996076935, 20.57348148649093)
Ant 7 moved to (-25.25835070321633, 21.05829110673727)
Ant 7 moved to (-26.132970410355725, 21.543100726983607)
Ant 7 moved to (-27.03176445665489, 21.981471873772684)
Ant 7 moved to (-27.95226931010733, 22.37220300226196)
Ant 7 moved to (-28.851063356406495, 22.810574149051035)
Ant 7 moved to (-29.771568209858934, 23.20130527754031)
Ant 7 moved to (-30.711260830644843, 23.54332542086598)
Ant 7 moved to (-31.63176568409728, 23.934056549355255)
Ant 7 moved to (-32.552270537549724, 24.32478767784453)
Ant 7 moved to (-33.472775391002166, 24.715518806333804)
Ant 7 moved to (-34.39328024445461, 25.10624993482308)
Ant 7 moved to (-35.31378509790705, 25.496981063312354)
Ant 7 moved to (-36.253477718692956, 25.839001206638024)
Ant 7 moved to (-37.1739825721454, 26.2297323351273)
Ant 7 moved to (-38.113675192931304, 26.571752478452968)
Ant 7 moved to (-39.034180046383746, 26.962483606942243)
Ant 7 moved to (-39.93297409268291, 27.40085475373132)
Ant 7 moved to (-40.80759379982231, 27.885664373977658)
Ant 7 moved to (-41.70638784612147, 28.324035520766735)
Ant 7 moved to (-42.60518189242064, 28.762406667555812)
Ant 7 moved to (-43.52568674587308, 29.153137796045087)
Ant 7 moved to (-44.44619159932552, 29.54386892453436)
Ant 7 moved to (-45.366696452777965, 29.934600053023637)
Ant 7 moved to (-46.26549049907713, 30.372971199812714)
Ant 7 moved to (-47.14011020621653, 30.85778082005905)
Ant 7 moved to (-48.03890425251569, 31.29615196684813)
Ant 7 moved to (-48.91352395965509, 31.780961587094467)
Ant 7 moved to (-49.81231800595425, 32.21933273388355)
Ant 7 moved to (-50.732822859406696, 32.61006386237282)
Ant 7 moved to (-51.63161690570586, 33.0484350091619)
Ant 7 moved to (-52.50623661284526, 33.53324462940824)
Ant 7 moved to (-53.40503065914442, 33.97161577619732)
Ant 7 moved to (-54.325535512596865, 34.36234690468659)
Ant 7 moved to (-55.22432955889603, 34.80071805147567)
Ant 7 moved to (-56.14483441234847, 35.19144917996494)
Ant 7 moved to (-57.04362845864764, 35.62982032675402)
Ant 7 moved to (-57.942422504946805, 36.0681914735431)
Ant 7 moved to (-58.86292735839925, 36.458922602032374)
Ant 7 moved to (-59.78343221185169, 36.849653730521645)
Ant 7 moved to (-60.682226258150855, 37.288024877310725)
Ant 7 moved to (-61.6027311116033, 37.6787560058)
Ant 7 moved to (-62.5424237323892, 38.020776149125666)
Ant 7 moved to (-63.49872848835224, 38.313147853848406)
Ant 7 moved to (-64.45503324431527, 38.605519558571146)
Ant 7 moved to (-65.39472586510118, 38.947539701896815)
Ant 7 moved to (-66.31523071855362, 39.33827083038609)
Ant 7 moved to (-67.2140247648528, 39.77664197717517)
Ant 7 moved to (-68.13452961830524, 40.16737310566444)
Ant 7 moved to (-69.05503447175768, 40.55810423415371)
Ant 7 moved to (-69.97553932521012, 40.94883536264298)
Ant 7 moved to (-70.91523194599603, 41.29085550596865)
Ant 7 moved to (-71.85492456678193, 41.63287564929432)
Ant 7 moved to (-72.77542942023437, 42.02360677778359)
Ant 7 moved to (-73.69593427368682, 42.41433790627286)
Ant 7 moved to (-74.61643912713926, 42.805069034762134)
Ant 7 moved to (-75.51523317343843, 43.243440181551215)
Ant 7 moved to (-76.4140272197376, 43.681811328340295)
Ant 7 is lost
Ant 8 moved to (-0.9063077870366499, 0.4226182617406995)
Ant 8 moved to (-1.789255379895577, 0.8920898245265902)
Ant 8 moved to (-2.646422680597689, 1.4071278994366447)
Ant 8 moved to (-3.529370273456616, 1.8765994622225355)
Ant 8 moved to (-4.386537574158728, 2.3916375371325898)
Ant 8 moved to (-5.215575146713769, 2.9508304406033368)
Ant 8 moved to (-6.014210656761063, 3.552645463755385)
Ant 8 moved to (-6.843248229316105, 4.111838367226132)
Ant 8 moved to (-7.641883739363398, 4.71365339037818)
Ant 8 moved to (-8.47092131191844, 5.272846293848927)
Ant 8 moved to (-9.269556821965732, 5.874661317000975)
Ant 8 moved to (-10.098594394520774, 6.433854220471722)
Ant 8 moved to (-10.955761695222886, 6.948892295381777)
Ant 8 moved to (-11.838709288081812, 7.418363858167667)
Ant 8 moved to (-12.745017075118461, 7.840982119908366)
Ant 8 moved to (-13.65132486215511, 8.263600381649066)
Ant 8 moved to (-14.55763264919176, 8.686218643389767)
Ant 8 moved to (-15.484816503758546, 9.060825236805679)
Ant 8 moved to (-16.412000358325333, 9.43543183022159)
Ant 8 moved to (-17.35751893392465, 9.760999984678747)
Ant 8 moved to (-18.284702788491437, 10.13560657809466)
Ant 8 moved to (-19.211886643058225, 10.510213171510571)
Ant 8 moved to (-20.118194430094874, 10.932831433251271)
Ant 8 moved to (-21.0011420229538, 11.402302996037163)
Ant 8 moved to (-21.90744980999045, 11.824921257777863)
Ant 8 moved to (-22.790397402849376, 12.294392820563754)
Ant 8 moved to (-23.647564703551488, 12.809430895473808)
Ant 8 moved to (-24.530512296410414, 13.278902458259699)
Ant 8 moved to (-25.436820083447063, 13.7015207200004)
Ant 8 moved to (-26.343127870483713, 14.1241389817411)
Ant 8 moved to (-27.22607546334264, 14.59361054452699)
Ant 8 moved to (-28.08324276404475, 15.108648619437044)
Ant 8 moved to (-28.940410064746864, 15.623686694347098)
Ant 8 moved to (-29.769447637301905, 16.182879597817845)
Ant 8 moved to (-30.598485209856946, 16.742072501288593)
Ant 8 moved to (-31.39712071990424, 17.343887524440643)
Ant 8 moved to (-32.163165163023216, 17.986675134127182)
Ant 8 moved to (-32.929209606142194, 18.629462743813722)
Ant 8 moved to (-33.660563307761365, 19.31146110387622)
Ant 8 moved to (-34.42660775088034, 19.95424871356276)
Ant 8 moved to (-35.225243260927634, 20.55606373671481)
Ant 8 moved to (-35.99128770404661, 21.198851346401348)
Ant 8 moved to (-36.7899232140939, 21.800666369553397)
Ant 8 moved to (-37.55596765721288, 22.443453979239937)
Ant 8 moved to (-38.35460316726017, 23.045269002391986)
Ant 8 moved to (-39.12064761037915, 23.688056612078526)
Ant 8 moved to (-39.85200131199832, 24.370054972141023)
Ant 8 moved to (-40.6180457551173, 25.012842581827563)
Ant 8 moved to (-41.38409019823628, 25.655630191514103)
Ant 8 moved to (-42.15013464135526, 26.298417801200642)
Ant 8 moved to (-42.88148834297443, 26.98041616126314)
Ant 8 moved to (-43.6128420445936, 27.662414521325637)
Ant 8 moved to (-44.307500415052594, 28.38175432166429)
Ant 8 moved to (-45.00215878551159, 29.10109412200294)
Ant 8 moved to (-45.696817155970585, 29.820433922341593)
Ant 8 moved to (-46.428170857589755, 30.50243228240409)
Ant 8 moved to (-47.159524559208926, 31.184430642466587)
Ant 8 moved to (-47.890878260828096, 31.866429002529085)
Ant 8 moved to (-48.656922703947075, 32.509216612215624)
Ant 8 moved to (-49.388276405566245, 33.191214972278125)
Ant 8 moved to (-50.154320848685224, 33.83400258196466)
Ant 8 moved to (-50.9203652918042, 34.4767901916512)
Ant 8 moved to (-51.71900080185149, 35.07860521480325)
Ant 8 moved to (-52.48504524497047, 35.72139282448978)
Ant 8 moved to (-53.28368075501776, 36.32320784764183)
Ant 8 moved to (-54.04972519813674, 36.96599545732837)
Ant 8 moved to (-54.78107889975591, 37.64799381739087)
Ant 8 moved to (-55.54712334287489, 38.290781427077405)
Ant 8 moved to (-56.27847704449406, 38.972779787139906)
Ant 8 moved to (-57.04452148761304, 39.61556739682644)
Ant 8 moved to (-57.84315699766033, 40.21738241997849)
Ant 8 moved to (-58.672194570215375, 40.77657532344924)
Ant 8 moved to (-59.470830080262665, 41.378390346601286)
Ant 8 moved to (-60.29986765281771, 41.93758325007203)
Ant 8 moved to (-61.15703495351982, 42.45262132498208)
Ant 8 moved to (-61.986072526074864, 43.01181422845283)
Ant 8 moved to (-62.84323982677697, 43.52685230336288)
Ant 8 moved to (-63.67227739933202, 44.086045206833624)
Ant 8 moved to (-64.47091290937931, 44.687860229985674)
Ant 8 moved to (-65.23695735249828, 45.33064783967221)
Ant 8 moved to (-65.96831105411745, 46.01264619973471)
Ant 8 moved to (-66.69966475573662, 46.69464455979721)
Ant 8 moved to (-67.39432312619562, 47.41398436013586)
Ant 8 moved to (-68.05038215518613, 48.16869394035864)
Ant 8 moved to (-68.74504052564512, 48.88803374069729)
Ant 8 moved to (-69.40109955463564, 49.64274332092006)
Ant 8 moved to (-70.01676102996129, 50.43075407452678)
Ant 8 moved to (-70.63242250528694, 51.2187648281335)
Ant 8 moved to (-71.24808398061259, 52.00677558174022)
Ant 8 is lost
Ant 9 moved to (-0.42261826174069916, -0.9063077870366502)
Ant 9 moved to (-0.8452365234813983, -1.8126155740733003)
Ant 9 moved to (-1.2678547852220974, -2.7189233611099506)
Ant 9 moved to (-1.6904730469627967, -3.6252311481466006)
Ant 9 moved to (-2.065079640378709, -4.552415002713388)
Ant 9 moved to (-2.4396862337946215, -5.479598857280175)
Ant 9 moved to (-2.765254388251778, -6.4251174328794916)
Ant 9 moved to (-3.0408917440687766, -7.3863791288178104)
Ant 9 moved to (-3.265842798412642, -8.360749193603045)
Ant 9 moved to (-3.490793852756507, -9.33511925838828)
Ant 9 moved to (-3.7157449071003725, -10.309489323173516)
Ant 9 moved to (-3.889393084767303, -11.294297076185723)
Ant 9 moved to (-4.01126242817245, -12.286843227827045)
Ant 9 moved to (-4.0810189019165755, -13.284407278086869)
Ant 9 moved to (-4.150775375660701, -14.281971328346692)
Ant 9 moved to (-4.272644719065848, -15.274517479988015)
Ant 9 moved to (-4.342401192809974, -16.27208153024784)
Ant 9 moved to (-4.4121576665541, -17.269645580507664)
Ant 9 moved to (-4.481914140298225, -18.26720963076749)
Ant 9 moved to (-4.603783483703372, -19.25975578240881)
Ant 9 moved to (-4.72565282710852, -20.25230193405013)
Ant 9 moved to (-4.89930100477545, -21.23710968706234)
Ant 9 moved to (-5.021170348180597, -22.22965583870366)
Ant 9 moved to (-5.090926821924723, -23.227219888963486)
Ant 9 moved to (-5.21279616532987, -24.219766040604807)
Ant 9 moved to (-5.3864443429968, -25.204573793617016)
Ant 9 moved to (-5.508313686401947, -26.197119945258336)
Ant 9 moved to (-5.578070160146073, -27.19468399551816)
Ant 9 moved to (-5.69993950355122, -28.187230147159482)
Ant 9 moved to (-5.821808846956367, -29.179776298800803)
Ant 9 moved to (-5.891565320700493, -30.17734034906063)
Ant 9 moved to (-5.961321794444618, -31.174904399320454)
Ant 9 moved to (-5.978774200881902, -32.174752094476844)
Ant 9 moved to (-6.0485306746260274, -33.17231614473667)
Ant 9 moved to (-6.118287148370153, -34.169880194996495)
Ant 9 moved to (-6.2401564917753, -35.162426346637815)
Ant 9 moved to (-6.41380466944223, -36.14723409965002)
Ant 9 moved to (-6.535674012847378, -37.13978025129134)
Ant 9 moved to (-6.709322190514308, -38.12458800430355)
Ant 9 moved to (-6.934273244858173, -39.09895806908878)
Ant 9 moved to (-7.159224299202038, -40.073328133874014)
Ant 9 moved to (-7.434861655019037, -41.03458982981233)
Ant 9 moved to (-7.760429809476194, -41.98010840541165)
Ant 9 moved to (-8.036067165293193, -42.94137010134997)
Ant 9 moved to (-8.36163531975035, -43.88688867694928)
Ant 9 moved to (-8.687203474207507, -44.8324072525486)
Ant 9 moved to (-8.962840830024506, -45.79366894848692)
Ant 9 moved to (-9.238478185841505, -46.75493064442524)
Ant 9 moved to (-9.46342924018537, -47.72930070921047)
Ant 9 moved to (-9.6370774178523, -48.714108462222676)
Ant 9 moved to (-9.758946761257446, -49.706654613863996)
Ant 9 moved to (-9.932594938924376, -50.6914623668762)
Ant 9 moved to (-10.054464282329523, -51.68400851851752)
Ant 9 moved to (-10.228112459996453, -52.66881627152973)
Ant 9 moved to (-10.453063514340318, -53.64318633631496)
Ant 9 moved to (-10.678014568684183, -54.617556401100195)
Ant 9 moved to (-10.953651924501182, -55.578818097038514)
Ant 9 moved to (-11.22928928031818, -56.54007979297683)
Ant 9 moved to (-11.554857434775338, -57.48559836857615)
Ant 9 moved to (-11.92946402819125, -58.41278222314293)
Ant 9 moved to (-12.255032182648407, -59.35830079874225)
Ant 9 moved to (-12.530669538465405, -60.31956249468057)
Ant 9 moved to (-12.856237692922562, -61.265081070279884)
Ant 9 moved to (-13.230844286338474, -62.19226492484667)
Ant 9 moved to (-13.653462548079172, -63.09857271188332)
Ant 9 moved to (-14.122934110865064, -63.98152030474225)
Ant 9 moved to (-14.545552372605762, -64.8878280917789)
Ant 9 moved to (-14.920158966021674, -65.81501194634569)
Ant 9 moved to (-15.342777227762372, -66.72131973338234)
Ant 9 moved to (-15.812248790548264, -67.60426732624127)
Ant 9 moved to (-16.281720353334155, -68.4872149191002)
Ant 9 moved to (-16.79675842824421, -69.34438221980231)
Ant 9 moved to (-17.2662299910301, -70.22732981266124)
Ant 9 moved to (-17.781268065940157, -71.08449711336335)
Ant 9 moved to (-18.340460969410906, -71.91353468591839)
Ant 9 moved to (-18.89965387288165, -72.74257225847343)
Ant 9 moved to (-19.414691947791706, -73.59973955917555)
Ant 9 moved to (-19.973884851262454, -74.42877713173058)
Ant 9 moved to (-20.48892292617251, -75.2859444324327)
Ant 9 moved to (-21.048115829643258, -76.11498200498774)
Ant 9 moved to (-21.563153904553314, -76.97214930568985)
Ant 9 moved to (-22.032625467339205, -77.85509689854878)
Ant 9 moved to (-22.54766354224926, -78.7122641992509)
Ant 9 moved to (-23.106856445720005, -79.54130177180593)
Ant 9 moved to (-23.708671468872055, -80.33993728185322)
Ant 9 moved to (-24.351459078558594, -81.1059817249722)
Ant 9 moved to (-25.03345743862109, -81.83733542659137)
Ant 9 moved to (-25.67624504830763, -82.60337986971034)
Ant 9 moved to (-26.31903265799417, -83.36942431282931)
Ant 9 moved to (-27.00103101805667, -84.10077801444848)
Ant 9 moved to (-27.643818627743208, -84.86682245756745)
Ant 9 moved to (-28.245633650895257, -85.66545796761474)
Ant 9 moved to (-28.804826554366002, -86.49449554016978)
Ant 9 moved to (-29.364019457836747, -87.32353311272482)
Ant 9 moved to (-29.879057532746803, -88.18070041342693)
Ant 9 moved to (-30.348529095532694, -89.06364800628586)
Ant 9 moved to (-30.86356717044275, -89.92081530698798)
Ant 9 moved to (-31.422760073913494, -90.74985287954301)
Ant 9 moved to (-31.98195297738424, -91.57889045209805)
Ant 9 moved to (-32.58376800053629, -92.37752596214534)
Ant 10 moved to (-0.30901699437494756, -0.9510565162951535)
Ant 10 moved to (-0.5678360394774682, -1.9169823425842218)
Ant 10 moved to (-0.775747730295228, -2.8951299433180275)
Ant 10 moved to (-0.9836594211129879, -3.873277544051833)
Ant 10 moved to (-1.1915711119307477, -4.8514251447856385)
Ant 10 moved to (-1.3994828027485076, -5.829572745519444)
Ant 10 moved to (-1.5559172677887385, -6.8172610861145815)
Ant 10 moved to (-1.7123517328289695, -7.804949426709719)
Ant 10 moved to (-1.9202634236467293, -8.783097027443524)
Ant 10 moved to (-2.17908246874925, -9.749022853732592)
Ant 10 moved to (-2.3869941595670094, -10.727170454466398)
Ant 10 moved to (-2.594905850384769, -11.705318055200204)
Ant 10 moved to (-2.85372489548729, -12.671243881489271)
Ant 10 moved to (-3.1627418898622373, -13.622300397784425)
Ant 10 moved to (-3.521109839407538, -14.555880824281626)
Ant 10 moved to (-3.8301268337824856, -15.50693734057678)
Ant 10 moved to (-4.188494783327786, -16.44051776707398)
Ant 10 moved to (-4.595231426403586, -17.354063224716583)
Ant 10 moved to (-5.049221926143133, -18.24506974890495)
Ant 10 moved to (-5.50321242588268, -19.136076273093316)
Ant 10 moved to (-6.00321242588268, -20.002101676877754)
Ant 10 moved to (-6.4572029256222265, -20.89310820106612)
Ant 10 moved to (-6.911193425361773, -21.784114725254486)
Ant 10 moved to (-7.411193425361773, -22.650140129038924)
Ant 10 moved to (-7.911193425361773, -23.51616553282336)
Ant 10 moved to (-8.4558324603768, -24.354836100768786)
Ant 10 moved to (-9.000471495391828, -25.19350666871421)
Ant 10 moved to (-9.500471495391828, -26.059532072498648)
Ant 10 moved to (-10.000471495391828, -26.925557476283085)
Ant 10 moved to (-10.500471495391828, -27.791582880067523)
Ant 10 moved to (-11.000471495391828, -28.65760828385196)
Ant 10 moved to (-11.545110530406856, -29.496278851797385)
Ant 10 moved to (-12.089749565421883, -30.33494941974281)
Ant 10 moved to (-12.677534817714356, -31.143966414117756)
Ant 10 moved to (-13.26532007000683, -31.952983408492702)
Ant 10 moved to (-13.809959105021857, -32.79165397643813)
Ant 10 moved to (-14.354598140036885, -33.63032454438355)
Ant 10 moved to (-14.942383392329358, -34.4393415387585)
Ant 10 moved to (-15.530168644621831, -35.24835853313345)
Ant 10 moved to (-16.15948903567167, -36.02550449459042)
Ant 10 moved to (-16.828619642030528, -36.768649320067816)
Ant 10 moved to (-17.457940033080366, -37.54579528152479)
Ant 10 moved to (-18.087260424130204, -38.32294124298176)
Ant 10 moved to (-18.675045676422677, -39.13195823735671)
Ant 10 moved to (-19.26283092871515, -39.94097523173166)
Ant 10 moved to (-19.892151319764988, -40.71812119318864)
Ant 10 moved to (-20.521471710814826, -41.49526715464561)
Ant 10 moved to (-21.1092569631073, -42.30428414902056)
Ant 10 moved to (-21.697042215399772, -43.11330114339551)
Ant 10 moved to (-22.32636260644961, -43.890447104852484)
Ant 10 moved to (-22.99549321280847, -44.63359193032988)
Ant 10 moved to (-23.702599993995015, -45.340698711516424)
Ant 10 moved to (-24.371730600353875, -46.08384353699382)
Ant 10 moved to (-25.040861206712734, -46.82698836247121)
Ant 10 moved to (-25.709991813071593, -47.570133187948606)
Ant 10 moved to (-26.41709859425814, -48.27723996913515)
Ant 10 moved to (-27.124205375444685, -48.9843467503217)
Ant 10 moved to (-27.793335981803544, -49.72749157579909)
Ant 10 moved to (-28.50044276299009, -50.43459835698564)
Ant 10 moved to (-29.243587588467484, -51.103728963344494)
Ant 10 moved to (-30.020733549924454, -51.73304935439433)
Ant 10 moved to (-30.76387837540185, -52.40217996075319)
Ant 10 moved to (-31.470985156588394, -53.109286741939734)
Ant 10 moved to (-32.178091937774944, -53.81639352312628)
Ant 10 moved to (-32.92123676325234, -54.485524129485135)
Ant 10 moved to (-33.69838272470931, -55.11484452053497)
Ant 10 moved to (-34.475528686166285, -55.74416491158481)
Ant 10 moved to (-35.25267464762326, -56.37348530263465)
Ant 10 moved to (-35.99581947310065, -57.042615908993504)
Ant 10 moved to (-36.7029262542872, -57.74972269018005)
Ant 10 moved to (-37.44607107976459, -58.418853296538906)
Ant 10 moved to (-38.18921590524199, -59.08798390289776)
Ant 10 moved to (-38.96636186669896, -59.7173042939476)
Ant 10 moved to (-39.77537886107391, -60.30508954624007)
Ant 10 moved to (-40.58439585544886, -60.89287479853254)
Ant 10 moved to (-41.39341284982381, -61.48066005082501)
Ant 10 moved to (-42.20242984419876, -62.06844530311748)
Ant 10 moved to (-43.01144683857371, -62.65623055540995)
Ant 10 moved to (-43.788592800030685, -63.285550946459786)
Ant 10 moved to (-44.53173762550808, -63.95468155281864)
Ant 10 moved to (-45.27488245098547, -64.6238121591775)
Ant 10 moved to (-46.01802727646287, -65.29294276553637)
Ant 10 moved to (-46.76117210194026, -65.96207337189523)
Ant 10 moved to (-47.46827888312681, -66.66918015308178)
Ant 10 moved to (-48.13740948948566, -67.41232497855918)
Ant 10 moved to (-48.84451627067221, -68.11943175974574)
Ant 10 moved to (-49.5876610961496, -68.7885623661046)
Ant 10 moved to (-50.364807057606576, -69.41788275715443)
Ant 10 moved to (-51.173824051981526, -70.00566800944691)
Ant 10 moved to (-51.9509700134385, -70.63498840049674)
Ant 10 moved to (-52.694114838915894, -71.3041190068556)
Ant 10 moved to (-53.47126080037287, -71.93343939790543)
Ant 10 moved to (-54.21440562585026, -72.6025700042643)
Ant 10 moved to (-54.957550451327656, -73.27170061062316)
Ant 10 moved to (-55.6646572325142, -73.97880739180971)
Ant 10 moved to (-56.33378783887306, -74.72195221728711)
Ant 10 moved to (-57.0408946200596, -75.42905899847366)
Ant 10 moved to (-57.71002522641846, -76.17220382395107)
Ant 10 moved to (-58.3393456174683, -76.94934978540803)
Ant 10 moved to (-58.968666008518134, -77.726495746865)
Ant 11 moved to (0.9702957262759965, -0.24192189559966787)
Ant 11 moved to (1.940591452551993, -0.48384379119933574)
Ant 11 moved to (2.8968962085150283, -0.7762154959220728)
Ant 11 moved to (3.8365888293009367, -1.1182356392477415)
Ant 11 moved to (4.776281450086845, -1.4602557825734102)
Ant 11 moved to (5.715974070872754, -1.8022759258990788)
Ant 11 moved to (6.6722788268357895, -2.094647630621816)
Ant 11 moved to (7.628583582798825, -2.387019335344553)
Ant 11 moved to (8.568276203584734, -2.7290394786702215)
Ant 11 moved to (9.507968824370643, -3.07105962199589)
Ant 11 moved to (10.447661445156552, -3.4130797653215583)
Ant 11 moved to (11.368166298608992, -3.8038108938108324)
Ant 11 moved to (12.288671152061433, -4.194542022300106)
Ant 11 moved to (13.228363772847342, -4.536562165625774)
Ant 11 moved to (14.184668528810377, -4.828933870348512)
Ant 11 moved to (15.154964255086373, -5.070855765948179)
Ant 11 moved to (16.12525998136237, -5.312777661547847)
Ant 11 moved to (17.095555707638365, -5.554699557147515)
Ant 11 moved to (18.0518604636014, -5.847071261870252)
Ant 11 moved to (18.99155308438731, -6.189091405195921)
Ant 11 moved to (19.947857840350345, -6.481463109918658)
Ant 11 moved to (20.91815356662634, -6.723385005518326)
Ant 11 moved to (21.899780750074004, -6.91419400089487)
Ant 11 moved to (22.88140793352167, -7.1050029962714145)
Ant 11 moved to (23.87167600226324, -7.24417609723148)
Ant 11 moved to (24.86194407100481, -7.383349198191546)
Ant 11 moved to (25.85221213974638, -7.522522299151611)
Ant 11 moved to (26.848406837838127, -7.6096780418992696)
Ant 11 moved to (27.84779766485722, -7.64457753860177)
Ant 11 moved to (28.847188491876317, -7.679477035304271)
Ant 11 moved to (29.84657931889541, -7.714376532006772)
Ant 11 moved to (30.8464270140518, -7.696924125569488)
Ant 11 moved to (31.843991064311627, -7.627167651825363)
Ant 11 moved to (32.84383875946802, -7.609715245388079)
Ant 11 moved to (33.84322958648712, -7.64461474209058)
Ant 11 moved to (34.84262041350622, -7.679514238793081)
Ant 11 moved to (35.842011240525316, -7.714413735495581)
Ant 11 moved to (36.841402067544415, -7.749313232198082)
Ant 11 moved to (37.841249762700805, -7.731860825760799)
Ant 11 moved to (38.83881381296063, -7.662104352016673)
Ant 11 moved to (39.83866150811702, -7.6446519455793895)
Ant 11 moved to (40.836225558376846, -7.574895471835264)
Ant 11 moved to (41.83378960863667, -7.505138998091138)
Ant 11 moved to (42.82633576027799, -7.383269654685991)
Ant 11 moved to (43.8111435132902, -7.209621477019061)
Ant 11 moved to (44.7959512663024, -7.035973299352131)
Ant 11 moved to (45.788497417943724, -6.914103955946984)
Ant 11 moved to (46.78606146820355, -6.844347482202858)
Ant 11 moved to (47.783625518463374, -6.774591008458732)
Ant 11 moved to (48.783473213619764, -6.757138602021449)
Ant 11 moved to (49.783320908776155, -6.739686195584166)
Ant 11 moved to (50.78271173579525, -6.774585692286666)
Ant 11 moved to (51.78255943095164, -6.757133285849383)
Ant 11 moved to (52.78240712610803, -6.7396808794120995)
Ant 11 moved to (53.78179795312713, -6.7745803761146)
Ant 11 moved to (54.78118878014623, -6.809479872817101)
Ant 11 moved to (55.78103647530262, -6.7920274663798175)
Ant 11 moved to (56.78088417045901, -6.774575059942534)
Ant 11 moved to (57.778448220718836, -6.704818586198408)
Ant 11 moved to (58.77099437236016, -6.582949242793261)
Ant 11 moved to (59.76354052400148, -6.461079899388114)
Ant 11 moved to (60.7560866756428, -6.339210555982967)
Ant 11 moved to (61.753650725902624, -6.269454082238841)
Ant 11 moved to (62.746196877543944, -6.147584738833694)
Ant 11 moved to (63.73100463055615, -5.973936561166764)
Ant 11 moved to (64.71581238356836, -5.800288383499834)
Ant 11 moved to (65.70062013658057, -5.626640205832904)
Ant 11 moved to (66.6749902013658, -5.401689151489038)
Ant 11 moved to (67.659797954378, -5.228040973822108)
Ant 11 moved to (68.63416801916324, -5.003089919478243)
Ant 11 moved to (69.61897577217545, -4.829441741811313)
Ant 11 moved to (70.59334583696068, -4.604490687467448)
Ant 11 moved to (71.554607532899, -4.328853331650448)
Ant 11 moved to (72.52897759768423, -4.103902277306583)
Ant 11 moved to (73.51378535069644, -3.930254099639652)
Ant 11 moved to (74.49859310370864, -3.7566059219727217)
Ant 11 moved to (75.49113925534996, -3.634736578567574)
Ant 11 moved to (76.47594700836217, -3.4610884009006435)
Ant 11 moved to (77.46075476137437, -3.287440223233713)
Ant 11 moved to (78.44556251438658, -3.1137920455667825)
Ant 11 moved to (79.4381086660279, -2.991922702161635)
Ant 11 moved to (80.4229164190401, -2.8182745244947043)
Ant 11 moved to (81.40772417205231, -2.6446263468277738)
Ant 11 moved to (82.38209423683755, -2.419675292483909)
Ant 11 moved to (83.36690198984975, -2.2460271148169784)
Ant 11 moved to (84.35170974286196, -2.072378937150048)
Ant 11 moved to (85.33651749587416, -1.8987307594831175)
Ant 11 moved to (86.32906364751548, -1.77686141607797)
Ant 11 moved to (87.32662769777531, -1.707104942333845)
Ant 11 moved to (88.3264753929317, -1.6896525358965615)
Ant 11 moved to (89.32632308808809, -1.672200129459278)
Ant 11 moved to (90.32571391510719, -1.707099626161779)
Ant 11 moved to (91.32190861319893, -1.7942553689094374)
Ant 11 moved to (92.32129944021803, -1.8291548656119383)
Ant 11 moved to (93.31749413830977, -1.9163106083595967)
Ant 11 moved to (94.30776220705134, -2.0554837093196627)
Ant 11 moved to (95.30395690514308, -2.142639452067321)
Ant 11 moved to (96.29422497388465, -2.281812553027387)
Ant 11 moved to (97.28449304262622, -2.420985653987453)
Ant 11 moved to (98.2747611113678, -2.560158754947519)
Ant 12 moved to (-0.992546151641322, 0.12186934340514755)
Ant 12 moved to (-1.990110201901146, 0.19162581714927307)
Ant 12 moved to (-2.989957897057537, 0.2090782235865565)
Ant 12 moved to (-3.989805592213928, 0.22653063002383994)
Ant 12 moved to (-4.989653287370319, 0.24398303646112338)
Ant 12 moved to (-5.98950098252671, 0.2614354428984068)
Ant 12 moved to (-6.988891809545806, 0.22653594619590592)
Ant 12 moved to (-7.988739504702197, 0.24398835263318935)
Ant 12 moved to (-8.98858719985859, 0.2614407590704728)
Ant 12 moved to (-9.986151250118413, 0.33119723281459834)
Ant 12 moved to (-10.983715300378236, 0.40095370655872387)
Ant 12 moved to (-11.976261452019559, 0.5228230499638714)
Ant 12 moved to (-12.968807603660881, 0.644692393369019)
Ant 12 moved to (-13.966371653920705, 0.7144488671131445)
Ant 12 moved to (-14.966219349077097, 0.7319012735504279)
Ant 12 moved to (-15.966067044233489, 0.7493536799877113)
Ant 12 moved to (-16.96591473938988, 0.7668060864249947)
Ant 12 moved to (-17.965305566408976, 0.7319065897224938)
Ant 12 moved to (-18.96150026450072, 0.6447508469748359)
Ant 12 moved to (-19.960891091519816, 0.609851350272335)
Ant 12 moved to (-20.96028191853891, 0.574951853569834)
Ant 12 moved to (-21.9601296136953, 0.5924042600071174)
Ant 12 moved to (-22.95997730885169, 0.6098566664444008)
Ant 12 moved to (-23.957541359111516, 0.6796131401885264)
Ant 12 moved to (-24.957389054267907, 0.6970655466258098)
Ant 12 moved to (-25.954953104527732, 0.7668220203699353)
Ant 12 moved to (-26.952517154787557, 0.8365784941140608)
Ant 12 moved to (-27.950081205047383, 0.9063349678581863)
Ant 12 moved to (-28.949928900203773, 0.9237873742954698)
Ant 12 moved to (-29.947492950463598, 0.9935438480395953)
Ant 12 moved to (-30.947340645619988, 1.0109962544768787)
Ant 12 moved to (-31.946731472639083, 0.9760967577743778)
Ant 12 moved to (-32.94657916779548, 0.9935491642116612)
Ant 12 moved to (-33.94642686295187, 1.0110015706489446)
Ant 12 moved to (-34.94627455810826, 1.028453977086228)
Ant 12 moved to (-35.94612225326465, 1.0459063835235114)
Ant 12 moved to (-36.945513080283746, 1.0110068868210105)
Ant 12 moved to (-37.944903907302844, 0.9761073901185096)
Ant 12 moved to (-38.94429473432194, 0.9412078934160086)
Ant 12 moved to (-39.94048943241369, 0.8540521506683507)
Ant 12 moved to (-40.93075750115526, 0.7148790497082852)
Ant 12 moved to (-41.91238468460293, 0.5240700543317405)
Ant 12 moved to (-42.9026527533445, 0.38489695337167495)
Ant 12 moved to (-43.88427993679216, 0.19408795799513023)
Ant 12 moved to (-44.87454800553373, 0.05491485703506471)
Ant 12 moved to (-45.856175188981396, -0.13589413834148)
Ant 12 moved to (-46.84644325772297, -0.27506723930154553)
Ant 12 moved to (-47.842637955814716, -0.36222298204920345)
Ant 12 moved to (-48.83290602455629, -0.501396083009269)
Ant 12 moved to (-49.829100722648036, -0.5885518257569269)
Ant 12 moved to (-50.81936879138961, -0.7277249267169924)
Ant 12 moved to (-51.80099597483727, -0.9185339220935371)
Ant 12 moved to (-52.79126404357884, -1.0577070230536028)
Ant 12 moved to (-53.78745874167059, -1.1448627658012607)
Ant 12 moved to (-54.78684956868969, -1.1797622625037616)
Ant 12 moved to (-55.78669726384608, -1.1623098560664782)
Ant 12 moved to (-56.78654495900247, -1.1448574496291948)
Ant 12 moved to (-57.784109009262295, -1.0751009758850691)
Ant 12 moved to (-58.783956704418685, -1.0576485694477857)
Ant 12 moved to (-59.783347531437784, -1.0925480661502867)
Ant 12 moved to (-60.78273835845688, -1.1274475628527876)
Ant 12 moved to (-61.77893305654863, -1.2146033056004455)
Ant 12 moved to (-62.77832388356773, -1.2495028023029464)
Ant 12 moved to (-63.77771471058683, -1.2844022990054473)
Ant 12 moved to (-64.77390940867858, -1.3715580417531053)
Ant 12 moved to (-65.77010410677032, -1.4587137845007632)
Ant 12 moved to (-66.76949493378942, -1.493613281203264)
Ant 12 moved to (-67.76934262894581, -1.4761608747659807)
Ant 12 moved to (-68.7687334559649, -1.5110603714684816)
Ant 12 moved to (-69.7685811511213, -1.4936079650311982)
Ant 12 moved to (-70.76842884627769, -1.4761555585939148)
Ant 12 moved to (-71.76781967329678, -1.5110550552964157)
Ant 12 moved to (-72.76766736845317, -1.4936026488591323)
Ant 12 moved to (-73.76751506360957, -1.476150242421849)
Ant 12 moved to (-74.76507911386939, -1.4063937686777233)
Ant 12 moved to (-75.75762526551071, -1.2845244252725756)
Ant 12 moved to (-76.75017141715203, -1.162655081867428)
Ant 12 moved to (-77.74773546741186, -1.0928986081233023)
Ant 12 moved to (-78.74028161905318, -0.9710292647181548)
Ant 12 moved to (-79.737845669313, -0.9012727909740292)
Ant 12 moved to (-80.73540971957283, -0.8315163172299037)
Ant 12 moved to (-81.73525741472922, -0.8140639107926203)
Ant 12 moved to (-82.73510510988561, -0.7966115043553369)
Ant 12 moved to (-83.73266916014543, -0.7268550306112114)
Ant 12 moved to (-84.73023321040526, -0.6570985568670858)
Ant 12 moved to (-85.72779726066508, -0.5873420831229603)
Ant 12 moved to (-86.7203434123064, -0.4654727397178128)
Ant 12 moved to (-87.70515116531861, -0.2918245620508825)
Ant 12 moved to (-88.67952123010384, -0.06687350770701728)
Ant 12 moved to (-89.64078292604216, 0.20876384810998194)
Ant 12 moved to (-90.60204462198048, 0.48440120392698116)
Ant 12 is lost
Ant 13 moved to (0.9135454576426009, 0.4067366430758002)
Ant 13 moved to (1.8471258841398026, 0.7651045926211004)
Ant 13 moved to (2.798182400434956, 1.0741215869960479)
Ant 13 moved to (3.7492389167301097, 1.3831385813709953)
Ant 13 moved to (4.682819343227312, 1.7415065309162956)
Ant 13 moved to (5.596364800869913, 2.1482431739920957)
Ant 13 moved to (6.487371325058281, 2.6022336737316425)
Ant 13 moved to (7.378377849246649, 3.0562241734711892)
Ant 13 moved to (8.269384373435017, 3.510214673210736)
Ant 13 moved to (9.182929831077617, 3.916951316286536)
Ant 13 moved to (10.116510257574818, 4.275319265831836)
Ant 13 moved to (11.05009068407202, 4.633687215377137)
Ant 13 moved to (11.98367111056922, 4.992055164922437)
Ant 13 moved to (12.897216568211821, 5.398791807998237)
Ant 13 moved to (13.810762025854421, 5.8055284510740375)
Ant 13 moved to (14.70176855004279, 6.259518950813584)
Ant 13 moved to (15.61531400768539, 6.666255593889384)
Ant 13 moved to (16.548894434182593, 7.024623543434685)
Ant 13 moved to (17.482474860679794, 7.382991492979985)
Ant 13 moved to (18.396020318322396, 7.7897281360557855)
Ant 13 moved to (19.329600744819597, 8.148096085601086)
Ant 13 moved to (20.2631811713168, 8.506464035146386)
Ant 13 moved to (21.214237687611952, 8.815481029521333)
Ant 13 moved to (22.18016351390102, 9.074300074623853)
Ant 13 moved to (23.158311114634827, 9.282211765441613)
Ant 13 moved to (24.124236940923897, 9.541030810544132)
Ant 13 moved to (25.07529345721905, 9.850047804919079)
Ant 13 moved to (26.00887388371625, 10.20841575446438)
Ant 13 moved to (26.959930400011405, 10.517432748839326)
Ant 13 moved to (27.91098691630656, 10.826449743214273)
Ant 13 moved to (28.862043432601713, 11.13546673758922)
Ant 13 moved to (29.795623859098914, 11.49383468713452)
Ant 13 moved to (30.729204285596115, 11.85220263667982)
Ant 13 moved to (31.642749743238717, 12.258939279755621)
Ant 13 moved to (32.556295200881316, 12.665675922831422)
Ant 13 moved to (33.447301725069686, 13.119666422570969)
Ant 13 moved to (34.338308249258056, 13.573656922310516)
Ant 13 moved to (35.229314773446426, 14.027647422050062)
Ant 13 moved to (36.142860231089024, 14.434384065125863)
Ant 13 moved to (37.076440657586225, 14.792752014671164)
Ant 13 moved to (38.01002108408343, 15.151119964216464)
Ant 13 moved to (38.923566541726025, 15.557856607292265)
Ant 13 moved to (39.814573065914395, 16.011847107031812)
Ant 13 moved to (40.680598469698836, 16.511847107031812)
Ant 13 moved to (41.571604993887206, 16.96583760677136)
Ant 13 moved to (42.485150451529805, 17.37257424984716)
Ant 13 moved to (43.418730878027006, 17.73094219939246)
Ant 13 moved to (44.36978739432216, 18.039959193767405)
Ant 13 moved to (45.30336782081936, 18.398327143312706)
Ant 13 moved to (46.21691327846196, 18.805063786388505)
Ant 13 moved to (47.15049370495916, 19.163431735933806)
Ant 13 moved to (48.08407413145636, 19.521799685479106)
Ant 13 moved to (49.035130647751515, 19.830816679854053)
Ant 13 moved to (50.00105647404058, 20.089635724956572)
Ant 13 moved to (50.97920407477439, 20.297547415774332)
Ant 13 moved to (51.94512990106345, 20.556366460876852)
Ant 13 moved to (52.92327750179726, 20.76427815169461)
Ant 13 moved to (53.889203328086325, 21.02309719679713)
Ant 13 moved to (54.85512915437539, 21.28191624189965)
Ant 13 moved to (55.82105498066446, 21.54073528700217)
Ant 13 moved to (56.79920258139826, 21.74864697781993)
Ant 13 moved to (57.77735018213207, 21.95655866863769)
Ant 13 moved to (58.743276008421134, 22.21537771374021)
Ant 13 moved to (59.72142360915494, 22.42328940455797)
Ant 13 moved to (60.687349435444006, 22.68210844966049)
Ant 13 moved to (61.66549703617781, 22.89002014047825)
Ant 13 moved to (62.64364463691162, 23.09793183129601)
Ant 13 moved to (63.63133297750675, 23.25436629633624)
Ant 13 moved to (64.62585487287502, 23.358894759603892)
Ant 13 moved to (65.6244844076296, 23.411230715846838)
Ant 13 moved to (66.62311394238417, 23.463566672089783)
Ant 13 moved to (67.62311394238417, 23.463566672089783)
Ant 13 moved to (68.62311394238417, 23.463566672089783)
Ant 13 moved to (69.62311394238417, 23.463566672089783)
Ant 13 moved to (70.62174347713874, 23.411230715846838)
Ant 13 moved to (71.62174347713874, 23.411230715846838)
Ant 13 moved to (72.62174347713874, 23.411230715846838)
Ant 13 moved to (73.6203730118933, 23.463566672089783)
Ant 13 moved to (74.6203730118933, 23.463566672089783)
Ant 13 moved to (75.6203730118933, 23.463566672089783)
Ant 13 moved to (76.61900254664788, 23.51590262833273)
Ant 13 moved to (77.61900254664788, 23.51590262833273)
Ant 13 moved to (78.61900254664788, 23.51590262833273)
Ant 13 moved to (79.61763208140245, 23.463566672089783)
Ant 13 moved to (80.61215397677073, 23.35903820882213)
Ant 13 moved to (81.59984231736587, 23.2026037437819)
Ant 13 moved to (82.59436421273415, 23.098075280514248)
Ant 13 moved to (83.58205255332929, 22.941640815474017)
Ant 13 moved to (84.5602001540631, 22.733729124656257)
Ant 13 moved to (85.52612598035216, 22.474910079553737)
Ant 13 moved to (86.49205180664123, 22.216091034451217)
Ant 13 moved to (87.47019940737503, 22.008179343633458)
Ant 13 moved to (88.45788774797018, 21.851744878593227)
Ant 13 moved to (89.44557608856532, 21.695310413552995)
Ant 13 moved to (90.42372368929912, 21.487398722735236)
Ant 13 moved to (91.41141202989427, 21.330964257695005)
Ant 13 moved to (92.3991003704894, 21.174529792654774)
Ant 13 moved to (93.37724797122321, 20.966618101837014)
Ant 13 moved to (94.36493631181835, 20.810183636796783)
Ant 13 moved to (95.3526246524135, 20.65374917175655)
Ant 14 moved to (-0.15643446504023104, -0.9876883405951377)
Ant 14 moved to (-0.31286893008046207, -1.9753766811902753)
Ant 14 moved to (-0.41739739334811543, -2.9698985765585486)
Ant 14 moved to (-0.4697333495910597, -3.9685281113131223)
Ant 14 moved to (-0.5742618128587131, -4.963050006681396)
Ant 14 moved to (-0.6787902761263664, -5.957571902049669)
Ant 14 moved to (-0.7311262323693107, -6.9562014368042435)
Ant 14 moved to (-0.731126232369311, -7.9562014368042435)
Ant 14 moved to (-0.7834621886122553, -8.954830971558817)
Ant 14 moved to (-0.8879906518799086, -9.94935286692709)
Ant 14 moved to (-0.9925191151475619, -10.943874762295362)
Ant 14 moved to (-1.0448550713905063, -11.942504297049936)
Ant 14 moved to (-1.0971910276334507, -12.94113383180451)
Ant 14 moved to (-1.0971910276334509, -13.94113383180451)
Ant 14 moved to (-1.097191027633451, -14.94113383180451)
Ant 14 moved to (-1.0971910276334513, -15.94113383180451)
Ant 14 moved to (-1.0971910276334516, -16.94113383180451)
Ant 14 moved to (-1.149526983876396, -17.939763366559085)
Ant 14 moved to (-1.2018629401193404, -18.93839290131366)
Ant 14 moved to (-1.2541988963622848, -19.937022436068233)
Ant 14 moved to (-1.358727359629938, -20.931544331436506)
Ant 14 moved to (-1.4632558228975914, -21.926066226804778)
Ant 14 moved to (-1.5677842861652447, -22.92058812217305)
Ant 14 moved to (-1.620120242408189, -23.919217656927625)
Ant 14 moved to (-1.6724561986511335, -24.9178471916822)
Ant 14 moved to (-1.724792154894078, -25.916476726436773)
Ant 14 moved to (-1.7771281111370223, -26.915106261191347)
Ant 14 moved to (-1.7771281111370225, -27.915106261191347)
Ant 14 moved to (-1.7771281111370227, -28.915106261191347)
Ant 14 moved to (-1.8294640673799671, -29.91373579594592)
Ant 14 moved to (-1.9339925306476204, -30.908257691314194)
Ant 14 moved to (-2.0385209939152737, -31.902779586682467)
Ant 14 moved to (-2.090856950158218, -32.90140912143704)
Ant 14 moved to (-2.143192906401162, -33.90003865619161)
Ant 14 moved to (-2.1955288626441063, -34.89866819094618)
Ant 14 moved to (-2.3000573259117596, -35.893190086314455)
Ant 14 moved to (-2.404585789179413, -36.88771198168273)
Ant 14 moved to (-2.509114252447066, -37.882233877051)
Ant 14 moved to (-2.6655487174872974, -38.869922217646135)
Ant 14 moved to (-2.873460408305057, -39.84806981837994)
Ant 14 moved to (-3.1322794534075777, -40.813995644669006)
Ant 14 moved to (-3.441296447782525, -41.76505216096416)
Ant 14 moved to (-3.7503134421574726, -42.716108677259314)
Ant 14 moved to (-4.05933043653242, -43.66716519355447)
Ant 14 moved to (-4.318149481634941, -44.63309101984353)
Ant 14 moved to (-4.576968526737462, -45.5990168461326)
Ant 14 moved to (-4.784880217555221, -46.577164446866405)
Ant 14 moved to (-4.941314682595452, -47.56485278746154)
Ant 14 moved to (-5.0977491476356835, -48.552541128056674)
Ant 14 moved to (-5.305660838453443, -49.53068872879048)
Ant 14 moved to (-5.462095303493674, -50.518377069385615)
Ant 14 moved to (-5.670006994311434, -51.49652467011942)
Ant 14 moved to (-5.877918685129194, -52.474672270853226)
Ant 14 moved to (-6.034353150169425, -53.46236061144836)
Ant 14 moved to (-6.242264840987184, -54.440508212182166)
Ant 14 moved to (-6.3986993060274155, -55.4281965527773)
Ant 14 moved to (-6.503227769295069, -56.422718448145574)
Ant 14 moved to (-6.6596622343353005, -57.41040678874071)
Ant 14 moved to (-6.764190697602954, -58.40492868410898)
Ant 14 moved to (-6.868719160870608, -59.399450579477254)
Ant 14 moved to (-6.973247624138262, -60.393972474845526)
Ant 14 moved to (-7.129682089178493, -61.38166081544066)
Ant 14 moved to (-7.286116554218724, -62.369349156035796)
Ant 14 moved to (-7.494028245036484, -63.3474967567696)
Ant 14 moved to (-7.752847290139004, -64.31342258305867)
Ant 14 moved to (-7.960758980956764, -65.29157018379247)
Ant 14 moved to (-8.219578026059285, -66.25749601008154)
Ant 14 moved to (-8.528595020434233, -67.20855252637669)
Ant 14 moved to (-8.787414065536753, -68.17447835266576)
Ant 14 moved to (-9.046233110639273, -69.14040417895482)
Ant 14 moved to (-9.305052155741793, -70.10633000524389)
Ant 14 moved to (-9.512963846559552, -71.0844776059777)
Ant 14 moved to (-9.720875537377312, -72.0626252067115)
Ant 14 moved to (-9.877310002417543, -73.05031354730664)
Ant 14 moved to (-10.085221693235303, -74.02846114804045)
Ant 14 moved to (-10.293133384053062, -75.00660874877425)
Ant 14 moved to (-10.449567849093294, -75.9942970893694)
Ant 14 moved to (-10.657479539911053, -76.9724446901032)
Ant 14 moved to (-10.916298585013573, -77.93837051639227)
Ant 14 moved to (-11.175117630116093, -78.90429634268133)
Ant 14 moved to (-11.433936675218613, -79.8702221689704)
Ant 14 moved to (-11.742953669593561, -80.82127868526555)
Ant 14 moved to (-12.05197066396851, -81.77233520156071)
Ant 14 moved to (-12.31078970907103, -82.73826102784977)
Ant 14 moved to (-12.569608754173549, -83.70418685413884)
Ant 14 moved to (-12.777520444991309, -84.68233445487265)
Ant 14 moved to (-13.036339490093829, -85.64826028116171)
Ant 14 moved to (-13.244251180911588, -86.62640788189552)
Ant 14 moved to (-13.40068564595182, -87.61409622249066)
Ant 14 moved to (-13.55712011099205, -88.6017845630858)
Ant 14 moved to (-13.76503180180981, -89.5799321638196)
Ant 14 moved to (-13.921466266850041, -90.56762050441475)
Ant 14 moved to (-14.129377957667801, -91.54576810514855)
Ant 14 moved to (-14.285812422708032, -92.5334564457437)
Ant 14 moved to (-14.442246887748263, -93.52114478633884)
Ant 14 moved to (-14.598681352788494, -94.50883312693398)
Ant 14 moved to (-14.703209816056148, -95.50335502230226)
Ant 14 moved to (-14.807738279323802, -96.49787691767054)
Ant 14 moved to (-14.964172744364033, -97.48556525826568)
Ant 14 moved to (-15.120607209404264, -98.47325359886082)
Ant 15 moved to (0.7660444431189778, -0.6427876096865396)
Ant 15 moved to (1.5646799531662707, -1.2446026328385877)
Ant 15 moved to (2.3307243962852486, -1.8873902425251274)
Ant 15 moved to (3.0620780979044193, -2.5693886025876256)
Ant 15 moved to (3.828122541023397, -3.2121762122741653)
Ant 15 moved to (4.62675805107069, -3.8139912354262133)
Ant 15 moved to (5.3928024941896675, -4.456778845112753)
Ant 15 moved to (6.124156195808839, -5.138777205175251)
Ant 15 picked up ice at (6.124156195808839, -5.138777205175251)
Ant 16 moved to (-0.48480962024633684, -0.8746197071393959)
Ant 16 moved to (-0.9696192404926737, -1.7492394142787917)
Ant 16 moved to (-1.4544288607390106, -2.6238591214181874)
Ant 16 moved to (-1.8928000075280882, -3.5226531677173543)
Ant 16 moved to (-2.331171154317166, -4.421447214016521)
Ant 16 moved to (-2.815980774563503, -5.296066921155917)
Ant 16 moved to (-3.2543519213525807, -6.194860967455083)
Ant 16 moved to (-3.7391615415989174, -7.069480674594479)
Ant 16 moved to (-4.223971161845254, -7.944100381733875)
Ant 16 moved to (-4.753890426078459, -8.7921484778903)
Ant 16 moved to (-5.238700046324796, -9.666768185029696)
Ant 16 moved to (-5.768619310558001, -10.514816281186121)
Ant 16 moved to (-6.342195746909047, -11.333968325475112)
Ant 16 moved to (-6.957857222234705, -12.121979079081834)
Ant 16 moved to (-7.531433658585751, -12.941131123370825)
Ant 16 moved to (-8.061352922818957, -13.78917921952725)
Ant 16 moved to (-8.546162543065293, -14.663798926666646)
Ant 16 moved to (-8.98453368985437, -15.562592972965813)
Ant 16 moved to (-9.469343310100706, -16.43721268010521)
Ant 16 moved to (-9.999262574333912, -17.285260776261634)
Ant 16 moved to (-10.529181838567117, -18.13330887241806)
Ant 16 moved to (-11.059101102800323, -18.981356968574485)
Ant 16 moved to (-11.54391072304666, -19.85597667571388)
Ant 16 moved to (-11.982281869835736, -20.754770722013046)
Ant 16 moved to (-12.467091490082073, -21.62939042915244)
Ant 16 moved to (-12.90546263687115, -22.528184475451607)
Ant 16 moved to (-13.296193765360423, -23.448689328904045)
Ant 16 moved to (-13.686924893849696, -24.369194182356484)
Ant 16 moved to (-14.125296040638773, -25.26798822865565)
Ant 16 moved to (-14.516027169128046, -26.18849308210809)
Ant 16 moved to (-14.954398315917123, -27.087287128407254)
Ant 16 moved to (-15.3927694627062, -27.98608117470642)
Ant 16 moved to (-15.783500591195473, -28.90658602815886)
Ant 16 moved to (-16.22187173798455, -29.805380074458025)
Ant 16 moved to (-16.660242884773627, -30.70417412075719)
Ant 16 moved to (-17.098614031562704, -31.602968167056357)
Ant 16 moved to (-17.48934516005198, -32.523473020508796)
Ant 16 moved to (-17.927716306841056, -33.42226706680796)
Ant 16 moved to (-18.31844743533033, -34.342771920260404)
Ant 16 moved to (-18.756818582119408, -35.24156596655957)
Ant 16 moved to (-19.195189728908485, -36.140360012858736)
Ant 16 moved to (-19.679999349154823, -37.01497971999813)
Ant 16 moved to (-20.1183704959439, -37.9137737662973)
Ant 16 moved to (-20.509101624433175, -38.83427861974974)
Ant 16 moved to (-20.94747277122225, -39.733072666048905)
Ant 16 moved to (-21.43228239146859, -40.6076923731883)
Ant 16 moved to (-21.917092011714928, -41.482312080327695)
Ant 16 moved to (-22.355463158504005, -42.38110612662686)
Ant 16 moved to (-22.74619428699328, -43.3016109800793)
Ant 16 moved to (-23.08821443031895, -44.24130360086521)
Ant 16 moved to (-23.43023457364462, -45.180996221651114)
Ant 16 moved to (-23.722606278367355, -46.137300977614146)
Ant 16 moved to (-24.01497798309009, -47.09360573357718)
Ant 16 moved to (-24.307349687812827, -48.04991048954021)
Ant 16 moved to (-24.549271583412494, -49.02020621581621)
Ant 16 moved to (-24.74008057878904, -50.00183339926387)
Ant 16 moved to (-24.930889574165587, -50.98346058271154)
Ant 16 moved to (-25.172811469765254, -51.953756308987536)
Ant 16 moved to (-25.3636204651418, -52.9353834924352)
Ant 16 moved to (-25.605542360741467, -53.9056792187112)
Ant 16 moved to (-25.897914065464203, -54.86198397467423)
Ant 16 moved to (-26.13983596106387, -55.83227970095023)
Ant 16 moved to (-26.432207665786606, -56.78858445691326)
Ant 16 moved to (-26.724579370509343, -57.744889212876295)
Ant 16 moved to (-27.066599513835012, -58.6845818336622)
Ant 16 moved to (-27.40861965716068, -59.624274454448106)
Ant 16 moved to (-27.700991361883418, -60.58057921041114)
Ant 16 moved to (-27.993363066606154, -61.53688396637417)
Ant 16 moved to (-28.28573477132889, -62.4931887223372)
Ant 16 moved to (-28.578106476051627, -63.449493478300234)
Ant 16 moved to (-28.820028371651293, -64.41978920457623)
Ant 16 moved to (-29.11240007637403, -65.37609396053927)
Ant 16 moved to (-29.354321971973697, -66.34638968681526)
Ant 16 moved to (-29.596243867573364, -67.31668541309125)
Ant 16 moved to (-29.78705286294991, -68.29831259653892)
Ant 16 moved to (-30.028974758549577, -69.26860832281491)
Ant 16 moved to (-30.321346463272313, -70.22491307877794)
Ant 16 moved to (-30.56326835887198, -71.19520880505394)
Ant 16 moved to (-30.805190254471647, -72.16550453132993)
Ant 16 moved to (-31.097561959194383, -73.12180928729296)
Ant 16 moved to (-31.38993366391712, -74.078114043256)
Ant 16 moved to (-31.73195380724279, -75.0178066640419)
Ant 16 moved to (-32.07397395056846, -75.9574992848278)
Ant 16 moved to (-32.3663456552912, -76.91380404079084)
Ant 16 moved to (-32.65871736001394, -77.87010879675387)
Ant 16 moved to (-32.900639255613605, -78.84040452302986)
Ant 16 moved to (-33.193010960336345, -79.79670927899289)
Ant 16 moved to (-33.43493285593601, -80.76700500526889)
Ant 16 moved to (-33.67685475153568, -81.73730073154488)
Ant 16 moved to (-33.96922645625842, -82.69360548750791)
Ant 16 moved to (-34.26159816098116, -83.64991024347094)
Ant 16 moved to (-34.503520056580825, -84.62020596974693)
Ant 16 moved to (-34.69432905195737, -85.6018331531946)
Ant 16 moved to (-34.88513804733391, -86.58346033664228)
Ant 16 moved to (-35.07594704271045, -87.56508752008995)
Ant 16 moved to (-35.266756038086996, -88.54671470353762)
Ant 16 moved to (-35.40592913904706, -89.53698277227919)
Ant 16 moved to (-35.49308488179472, -90.53317747037093)
Ant 16 moved to (-35.52798437849722, -91.53256829739003)
Ant 16 moved to (-35.562883875199724, -92.53195912440913)
Ant 17 moved to (0.8191520442889916, -0.5735764363510465)
Ant 17 moved to (1.6071627978957137, -1.1892379116767047)
Ant 17 moved to (2.3951735515024355, -1.8048993870023629)
Ant 17 moved to (3.1831843051091573, -2.420560862328021)
Ant 17 moved to (4.002336349398149, -2.9941372986790675)
Ant 17 moved to (4.821488393687141, -3.567713735030114)
Ant 17 moved to (5.609499147293863, -4.183375210355772)
Ant 17 moved to (6.364208727516635, -4.8394342393462795)
Ant 17 picked up ice at (6.364208727516635, -4.8394342393462795)
Ant 18 moved to (0.8987940462991668, -0.4383711467890778)
Ant 18 moved to (1.7734137534385628, -0.9231807670354146)
Ant 18 moved to (2.6214618495949886, -1.4531000312686198)
Ant 18 moved to (3.4960815567343846, -1.9379096515149565)
Ant 18 moved to (4.37070126387378, -2.4227192717612933)
Ant 18 moved to (5.2187493600302055, -2.9526385359944984)
Ant 18 moved to (6.0933690671696015, -3.437448156240835)
Ant 18 moved to (6.992163113468768, -3.875819303029913)
Ant 18 moved to (7.912667966921209, -4.266550431519187)
Ant 18 picked up ice at (7.912667966921209, -4.266550431519187)
Ant 19 moved to (0.30901699437494723, -0.9510565162951536)
Ant 19 moved to (0.5678360394774675, -1.916982342584222)
Ant 19 moved to (0.8768530338524148, -2.868038858879376)
Ant 19 moved to (1.2352209833977152, -3.8016192853765776)
Ant 19 moved to (1.5935889329430157, -4.735199711873779)
Ant 19 moved to (2.0003255760188154, -5.64874516951638)
Ant 19 moved to (2.358693525564116, -6.5823255960135825)
Ant 19 moved to (2.7654301686399156, -7.495871053656184)
Ant 19 moved to (3.2194206683794624, -8.386877577844551)
Ant 19 moved to (3.7194206683794624, -9.25290298162899)
Ant 19 moved to (4.173411168119009, -10.143909505817359)
Ant 19 picked up ice at (4.173411168119009, -10.143909505817359)
=== Beginning return phase ===
Ant 5 returning via (5.793056348959539, -5.497405208145277)
Ant 15 returning via (6.124156195808839, -5.138777205175251)
Ant 17 returning via (6.364208727516635, -4.8394342393462795)
Ant 18 returning via (7.912667966921209, -4.266550431519187)
Ant 19 returning via (4.173411168119009, -10.143909505817359)
Ant 5 returning via (5.123925742600681, -4.754260382667882)
Ant 15 returning via (5.3928024941896675, -4.456778845112753)
Ant 17 returning via (5.609499147293863, -4.183375210355772)
Ant 18 returning via (6.992163113468768, -3.875819303029913)
Ant 19 returning via (3.7194206683794624, -9.25290298162899)
Ant 5 returning via (4.454795136241824, -4.011115557190487)
Ant 15 returning via (4.62675805107069, -3.8139912354262133)
Ant 17 returning via (4.821488393687141, -3.567713735030114)
Ant 18 returning via (6.0933690671696015, -3.437448156240835)
Ant 19 returning via (3.2194206683794624, -8.386877577844551)
Ant 5 returning via (3.747688355055277, -3.3040087760039394)
Ant 15 returning via (3.828122541023397, -3.2121762122741653)
Ant 17 returning via (4.002336349398149, -2.9941372986790675)
Ant 18 returning via (5.2187493600302055, -2.9526385359944984)
Ant 19 returning via (2.7654301686399156, -7.495871053656184)
Ant 5 returning via (3.0045435295778824, -2.634878169645081)
Ant 15 returning via (3.0620780979044193, -2.5693886025876256)
Ant 17 returning via (3.1831843051091573, -2.420560862328021)
Ant 18 returning via (4.37070126387378, -2.4227192717612933)
Ant 19 returning via (2.358693525564116, -6.5823255960135825)
Ant 5 returning via (2.227397568120912, -2.0055577785952434)
Ant 15 returning via (2.3307243962852486, -1.8873902425251274)
Ant 17 returning via (2.3951735515024355, -1.8048993870023629)
Ant 18 returning via (3.4960815567343846, -1.9379096515149565)
Ant 19 returning via (2.0003255760188154, -5.64874516951638)
Ant 5 returning via (1.4502516066639415, -1.3762373875454057)
Ant 15 returning via (1.5646799531662707, -1.2446026328385877)
Ant 17 returning via (1.6071627978957137, -1.1892379116767047)
Ant 18 returning via (2.6214618495949886, -1.4531000312686198)
Ant 19 returning via (1.5935889329430157, -4.735199711873779)
Ant 5 returning via (0.7071067811865474, -0.7071067811865477)
Ant 15 returning via (0.7660444431189778, -0.6427876096865396)
Ant 17 returning via (0.8191520442889916, -0.5735764363510465)
Ant 18 returning via (1.7734137534385628, -0.9231807670354146)
Ant 19 returning via (1.2352209833977152, -3.8016192853765776)
Ant 5 returning via (0, 0)
Ant 15 returning via (0, 0)
Ant 17 returning via (0, 0)
Ant 18 returning via (0.8987940462991668, -0.4383711467890778)
Ant 19 returning via (0.8768530338524148, -2.868038858879376)
Ant 5 delivered ice to lander
Ant 15 delivered ice to lander
Ant 17 delivered ice to lander
Ant 18 returning via (0, 0)
Ant 19 returning via (0.5678360394774675, -1.916982342584222)
Ant 18 delivered ice to lander
Ant 19 returning via (0.30901699437494723, -0.9510565162951536)
Ant 19 returning via (0, 0)
